Lmod has detected the following error: These module(s) or extension(s) exist
but cannot be loaded as requested: "gompi/2016b",
"libxml2/2.9.9-GCCcore-8.3.0", "foss/2016b", "libxc/3.0.1-intel-2018b",
"foss/2019b"
   Try: "module spider gompi/2016b libxml2/2.9.9-GCCcore-8.3.0 foss/2016b
libxc/3.0.1-intel-2018b foss/2019b" to see how to load the module(s).



gromacs module: loading intel/18.3
gromacs module: loading intelmpi/18.3
gromacs module: loading gromacs/2019.6.th
To use the multithreaded version OMP_NUM_THREADS need to be set by export OMP_NUM_THREADS=20
                      :-) GROMACS - gmx grompp, 2019.6 (-:

                            GROMACS is written by:
     Emile Apol      Rossen Apostolov      Paul Bauer     Herman J.C. Berendsen
    Par Bjelkmar      Christian Blau   Viacheslav Bolnykh     Kevin Boyd    
 Aldert van Buuren   Rudi van Drunen     Anton Feenstra       Alan Gray     
  Gerrit Groenhof     Anca Hamuraru    Vincent Hindriksen  M. Eric Irrgang  
  Aleksei Iupinov   Christoph Junghans     Joe Jordan     Dimitrios Karkoulis
    Peter Kasson        Jiri Kraus      Carsten Kutzner      Per Larsson    
  Justin A. Lemkul    Viveca Lindahl    Magnus Lundborg     Erik Marklund   
    Pascal Merz     Pieter Meulenhoff    Teemu Murtola       Szilard Pall   
    Sander Pronk      Roland Schulz      Michael Shirts    Alexey Shvetsov  
   Alfons Sijbers     Peter Tieleman      Jon Vincent      Teemu Virolainen 
 Christian Wennberg    Maarten Wolf   
                           and the project leaders:
        Mark Abraham, Berk Hess, Erik Lindahl, and David van der Spoel

Copyright (c) 1991-2000, University of Groningen, The Netherlands.
Copyright (c) 2001-2018, The GROMACS development team at
Uppsala University, Stockholm University and
the Royal Institute of Technology, Sweden.
check out http://www.gromacs.org for more information.

GROMACS is free software; you can redistribute it and/or modify it
under the terms of the GNU Lesser General Public License
as published by the Free Software Foundation; either version 2.1
of the License, or (at your option) any later version.

GROMACS:      gmx grompp, version 2019.6
Executable:   /sw/apps/gromacs/2019.6.th/rackham/bin/gmx
Data prefix:  /sw/apps/gromacs/2019.6.th/rackham
Working dir:  /domus/h1/sebasm/GROMACS/protlig
Command line:
  gmx grompp -f md.mdp -c npt.gro -t npt.cpt -p topol.top -n index.ndx -o md_0_10.tpr

Ignoring obsolete mdp entry 'title'
Setting the LD random seed to 712477345

WARNING 1 [file caff.prm, line 4]:
  Bondtype Bond was defined previously (e.g. in the forcefield files), and
  has now been defined again. This could happen e.g. if you would use a
  self-contained molecule .itp file that duplicates or replaces the
  contents of the standard force-field files. You should check the contents
  of your files and remove such repetition. If you know you should override
  the previous definition, then you could choose to suppress this warning
  with -maxwarn.

  old:                                          0.1379 301248 0.1379 301248 
  new: CG2RC0   NG2R61     1   0.13790000    317984.00


WARNING 2 [file caff.prm, line 10]:
  Bondtype U-B was defined previously (e.g. in the forcefield files), and
  has now been defined again. This could happen e.g. if you would use a
  self-contained molecule .itp file that duplicates or replaces the
  contents of the standard force-field files. You should check the contents
  of your files and remove such repetition. If you know you should override
  the previous definition, then you could choose to suppress this warning
  with -maxwarn.

  old:                                          127.4 493.712 0 0 127.4 493.712 0 0 
  new: CG2RC0   CG2RC0   NG2R61     5   127.400000   502.080000   0.00000000         0.00


WARNING 3 [file caff.prm, line 11]:
  Bondtype U-B was defined previously (e.g. in the forcefield files), and
  has now been defined again. This could happen e.g. if you would use a
  self-contained molecule .itp file that duplicates or replaces the
  contents of the standard force-field files. You should check the contents
  of your files and remove such repetition. If you know you should override
  the previous definition, then you could choose to suppress this warning
  with -maxwarn.

  old:                                          131 167.36 0 0 131 167.36 0 0 
  new: NG2R50   CG2RC0   NG2R61     5   122.600000   167.360000   0.00000000         0.00


WARNING 4 [file caff.prm, line 13]:
  Bondtype U-B was defined previously (e.g. in the forcefield files), and
  has now been defined again. This could happen e.g. if you would use a
  self-contained molecule .itp file that duplicates or replaces the
  contents of the standard force-field files. You should check the contents
  of your files and remove such repetition. If you know you should override
  the previous definition, then you could choose to suppress this warning
  with -maxwarn.

  old:                                          120.5 200.832 0 0 120.5 200.832 0 0 
  new: CG2RC0   NG2R61    CG331     5   120.500000   585.760000   0.00000000         0.00

Generated 100032 of the 100128 non-bonded parameter combinations
Generating 1-4 interactions: fudge = 1
Generated 65937 of the 100128 1-4 parameter combinations
Excluding 3 bonded neighbours molecule type 'Protein_chain_A'
Excluding 3 bonded neighbours molecule type 'Protein_chain_C'
Excluding 3 bonded neighbours molecule type 'caff'
Excluding 2 bonded neighbours molecule type 'SOL'
Excluding 1 bonded neighbours molecule type 'CL'
Removing all charge groups because cutoff-scheme=Verlet

NOTE 1 [file topol.top, line 59]:
  The bond in molecule-type caff between atoms 13 C8 and 3 C10 has an
  estimated oscillational period of 1.7e-02 ps, which is less than 10 times
  the time step of 2.0e-03 ps.
  Maybe you forgot to change the constraints mdp option.

Number of degrees of freedom in T-Coupling group Protein_caff is 9056.64
Number of degrees of freedom in T-Coupling group Water_and_ions is 67095.36
Reading Coordinates, Velocities and Box size from old trajectory
Will read whole trajectory
Last frame         -1 time  100.000   
Using frame at t = 100 ps
Starting time for run is 0 ps
Estimate for the relative computational load of the PME mesh part: 0.15

There was 1 note

There were 4 warnings

-------------------------------------------------------
Program:     gmx grompp, version 2019.6
Source file: src/gromacs/gmxpreprocess/grompp.cpp (line 2315)

Fatal error:
Too many warnings (4).
If you are sure all warnings are harmless, use the -maxwarn option.

For more information and tips for troubleshooting, please check the GROMACS
website at http://www.gromacs.org/Documentation/Errors
-------------------------------------------------------
                      :-) GROMACS - gmx mdrun, 2019.6 (-:

                            GROMACS is written by:
     Emile Apol      Rossen Apostolov      Paul Bauer     Herman J.C. Berendsen
    Par Bjelkmar      Christian Blau   Viacheslav Bolnykh     Kevin Boyd    
 Aldert van Buuren   Rudi van Drunen     Anton Feenstra       Alan Gray     
  Gerrit Groenhof     Anca Hamuraru    Vincent Hindriksen  M. Eric Irrgang  
  Aleksei Iupinov   Christoph Junghans     Joe Jordan     Dimitrios Karkoulis
    Peter Kasson        Jiri Kraus      Carsten Kutzner      Per Larsson    
  Justin A. Lemkul    Viveca Lindahl    Magnus Lundborg     Erik Marklund   
    Pascal Merz     Pieter Meulenhoff    Teemu Murtola       Szilard Pall   
    Sander Pronk      Roland Schulz      Michael Shirts    Alexey Shvetsov  
   Alfons Sijbers     Peter Tieleman      Jon Vincent      Teemu Virolainen 
 Christian Wennberg    Maarten Wolf   
                           and the project leaders:
        Mark Abraham, Berk Hess, Erik Lindahl, and David van der Spoel

Copyright (c) 1991-2000, University of Groningen, The Netherlands.
Copyright (c) 2001-2018, The GROMACS development team at
Uppsala University, Stockholm University and
the Royal Institute of Technology, Sweden.
check out http://www.gromacs.org for more information.

GROMACS is free software; you can redistribute it and/or modify it
under the terms of the GNU Lesser General Public License
as published by the Free Software Foundation; either version 2.1
of the License, or (at your option) any later version.

GROMACS:      gmx mdrun, version 2019.6
Executable:   /sw/apps/gromacs/2019.6.th/rackham/bin/gmx
Data prefix:  /sw/apps/gromacs/2019.6.th/rackham
Working dir:  /domus/h1/sebasm/GROMACS/protlig
Command line:
  gmx mdrun -ntmpi 20 -ntomp 1 -deffnm md_0_10

Reading file md_0_10.tpr, VERSION 2019.6 (single precision)
Changing nstlist from 20 to 80, rlist from 1.222 to 1.319

Using 20 MPI threads
Using 1 OpenMP thread per tMPI thread

starting mdrun 'CAFFEINE RECOGNIZING NANOBODY in water'
5000000 steps,  10000.0 ps.

Writing final coordinates.


Dynamic load balancing report:
 DLB was off during the run due to low measured imbalance.
 Average load imbalance: 2.1%.
 The balanceable part of the MD step is 93%, load imbalance is computed from this.
 Part of the total run time spent waiting due to load imbalance: 2.0%.
 Average PME mesh/force load: 0.320
 Part of the total run time spent waiting due to PP/PME imbalance: 13.0 %

NOTE: 13.0 % performance was lost because the PME ranks
      had less work to do than the PP ranks.
      You might want to decrease the number of PME ranks
      or decrease the cut-off and the grid spacing.


               Core t (s)   Wall t (s)        (%)
       Time:   697328.532    34866.429     2000.0
                         9h41:06
                 (ns/day)    (hour/ns)
Performance:       24.780        0.969

GROMACS reminds you: "Hold On Like Cliffhanger" (Urban Dance Squad)

