140	1.2	1
-2.879793	1.195355	1.200319
2.380392	2.500101	-0.120466
lig.job224711.bl.pdb	-15.387	32.064	-14.947
rec.job224711.bl.pdb	1.615	-26.795	236.375
2.094395	1.732874	-0.951685	10	131	3	1934.965
-1.832596	1.391910	3.030322	6	134	16	1769.548
-1.570796	0.619654	-2.216909	17	18	21	1712.839
-1.832596	0.899350	-2.069907	17	18	21	1643.853
2.356194	0.929350	-2.910676	135	3	18	1607.594
-3.141593	2.180315	-1.357379	23	16	11	1586.458
1.570796	1.982574	-1.115518	3	129	6	1584.205
0.261799	1.658653	-2.409879	138	138	26	1581.705
0.785398	2.251330	-2.330739	17	0	20	1571.270
0.000000	1.134796	2.434290	16	10	29	1564.946
-2.094395	0.899350	-2.069907	3	138	21	1549.016
-2.879793	2.979456	-1.009304	6	132	12	1545.614
-0.523599	1.128190	-2.288622	135	139	22	1544.210
-2.617994	0.960688	-0.577532	15	22	16	1536.150
1.308997	1.732874	-0.951685	2	133	9	1535.874
-3.141593	1.374601	-2.456031	14	18	28	1535.266
-2.356194	0.866955	-0.931351	14	21	19	1531.553
1.047198	0.571433	-1.188419	137	137	17	1525.700
-1.832596	1.214854	-1.966664	15	19	21	1519.545
1.570796	2.478122	2.609777	10	134	10	1501.124
0.000000	1.736875	3.023612	133	137	23	1497.264
0.261799	0.914445	2.687814	16	15	27	1496.184
0.000000	0.914445	2.687814	15	12	29	1492.718
2.356194	1.846342	-1.796954	7	131	6	1488.631
-1.832596	0.080730	-2.622036	14	132	4	1484.387
0.000000	1.050534	3.042579	12	14	30	1483.875
-0.261799	0.914445	2.687814	15	11	29	1480.650
-1.832596	0.992645	-1.723759	15	21	18	1474.512
-1.570796	0.899350	-2.069907	15	7	23	1473.332
-2.356194	1.134497	-1.109631	14	21	20	1471.437
2.356194	2.251330	-2.330739	9	134	18	1468.729
1.047198	0.906588	1.252948	20	24	14	1464.325
-2.879793	1.448123	-2.163292	4	130	24	1462.991
0.523599	1.510910	-0.740472	121	120	14	1460.151
2.879793	1.374601	-2.456031	15	16	28	1459.029
0.785398	1.413347	-1.339188	123	120	20	1456.507
-1.047198	0.419640	2.974122	13	132	6	1456.221
-2.094395	1.135834	-1.431087	10	21	24	1448.900
1.308997	1.168678	2.108595	1	2	22	1444.154
0.785398	1.391910	3.030322	11	10	31	1440.312
1.047198	1.413430	2.550734	16	16	28	1439.855
-2.879793	2.724429	-0.348782	17	134	12	1435.384
-2.356194	1.135834	-1.431087	14	19	23	1431.020
1.047198	1.448123	-2.163292	1	137	25	1430.108
-1.570796	0.685216	-1.712745	16	17	21	1423.878
0.261799	1.448123	-2.163292	134	139	24	1421.267
0.261799	1.134796	2.434290	16	11	29	1420.079
-2.094395	1.134497	-1.109631	10	22	21	1419.568
1.308997	2.299159	2.264663	8	136	12	1417.830
-0.523599	1.050534	3.042579	132	134	30	1417.623
-2.356194	2.587733	0.232235	16	133	10	1417.449
-2.356194	0.992645	-1.723759	15	6	23	1414.941
0.785398	2.579248	-2.364801	18	139	17	1411.648
1.047198	2.063651	-2.044600	15	1	22	1410.980
2.879793	1.448123	-2.163292	21	13	24	1409.943
-0.785398	1.135813	-2.658866	9	16	29	1409.893
-0.523599	0.929350	-2.910676	12	16	28	1407.903
0.523599	1.218453	2.777284	14	13	30	1405.515
-2.617994	2.587733	0.232235	14	132	10	1403.290
-2.879793	1.756530	-2.105156	21	11	22	1402.889
1.047198	1.545873	-1.877082	0	134	21	1401.293
2.356194	2.164094	-2.991358	20	21	15	1400.570
2.617994	2.979456	-1.009304	15	133	16	1397.072
0.785398	1.440580	2.260026	139	6	22	1396.494
-0.261799	0.733948	3.021411	15	18	27	1396.470
0.785398	1.413430	2.550734	16	14	29	1396.445
-2.094395	1.696674	-1.253233	17	24	10	1391.876
-0.785398	1.545873	-1.877082	129	138	24	1390.708
0.785398	1.168678	2.108595	18	20	24	1389.848
-3.141593	1.699788	2.452890	121	123	18	1389.027
-0.261799	1.135813	-2.658866	123	132	28	1385.516
2.094395	1.510910	-0.740472	10	130	1	1384.056
-3.141593	1.658653	-2.409879	15	21	26	1383.949
0.785398	1.869911	2.701025	13	25	12	1383.814
-2.356194	1.658653	-2.409879	128	128	25	1383.475
-0.785398	0.866395	-2.492918	7	27	14	1383.114
-1.308997	0.899350	-2.069907	16	15	23	1381.114
0.261799	2.104282	-0.813972	122	116	10	1380.423
2.356194	1.732874	-0.951685	12	132	3	1380.387
2.094395	2.349581	-2.702517	7	135	20	1378.636
-1.832596	1.050534	3.042579	7	133	15	1376.853
-2.879793	0.297065	2.160177	136	133	22	1376.178
0.785398	1.194549	-0.801900	126	114	15	1373.797
-2.879793	1.218453	2.777284	119	130	26	1373.626
0.523599	0.864993	2.278281	18	20	24	1372.149
-3.141593	1.756530	-2.105156	18	22	22	1371.850
-1.308997	0.618092	2.539118	12	131	8	1371.252
2.879793	1.756530	-2.105156	20	19	22	1370.676
1.047198	1.247695	1.809890	6	137	20	1366.851
-3.141593	2.724429	-0.348782	14	132	12	1364.642
2.879793	2.180315	-1.357379	19	14	18	1364.453
-0.523599	0.733948	3.021411	13	13	29	1364.348
2.879793	1.128190	-2.288622	19	10	27	1364.104
2.356194	1.836682	-0.676006	13	132	1	1362.764
-3.141593	1.448123	-2.163292	17	20	24	1362.426
-0.523599	1.135813	-2.658866	138	137	22	1361.683
0.261799	0.864993	2.278281	18	14	26	1361.537
0.261799	1.218453	2.777284	12	9	31	1361.437
-3.141593	1.450119	-2.739050	11	19	30	1361.237
1.047198	1.948085	-2.363031	139	126	24	1360.489
-0.261799	1.050534	3.042579	11	10	31	1358.224
-2.356194	2.343981	-1.040456	15	18	19	1357.801
0.785398	1.218453	2.777284	13	24	15	1357.487
-2.094395	1.025536	1.576859	119	113	16	1356.457
1.308997	1.545873	-1.877082	3	133	21	1356.175
-1.047198	2.637879	2.121598	10	132	21	1355.657
-2.617994	0.866955	-0.931351	18	15	17	1355.654
-2.356194	1.948085	-2.363031	123	135	22	1355.433
-2.879793	1.846342	-1.796954	24	10	17	1355.235
-2.356194	1.448123	-2.163292	131	128	25	1353.587
-2.356194	1.756530	-2.105156	15	11	22	1353.000
2.617994	1.870545	-2.976234	139	139	26	1352.774
-1.832596	0.906588	1.252948	120	112	12	1352.533
2.094395	2.041297	-2.664597	7	134	20	1352.489
0.785398	2.393226	1.857173	9	134	7	1351.091
0.261799	1.168678	2.108595	19	11	26	1350.914
-0.523599	2.760637	2.781135	7	133	23	1350.853
0.523599	1.134796	2.434290	17	14	27	1348.729
-3.141593	0.992645	-1.723759	6	135	22	1347.924
-1.308997	1.128190	-2.288622	134	0	26	1346.792
-2.356194	1.135813	-2.658866	1	1	24	1345.524
0.785398	1.433411	-1.035986	126	114	17	1344.917
-1.832596	0.290380	-0.796960	15	22	15	1344.863
-2.094395	2.863997	0.549740	16	133	14	1344.652
0.785398	2.349581	-2.702517	19	3	19	1344.370
-2.879793	1.374601	-2.456031	14	21	27	1344.215
0.000000	1.135813	-2.658866	122	130	29	1343.842
-0.785398	1.450119	-2.739050	6	12	30	1343.705
1.570796	1.214854	-1.966664	123	123	23	1343.674
0.523599	2.251330	-2.330739	15	138	20	1342.472
-0.523599	1.756530	-2.105156	116	130	22	1341.794
-1.832596	2.041297	-2.664597	122	126	23	1341.698
-2.617994	1.658653	-2.409879	126	133	25	1341.590
-1.047198	1.050534	3.042579	6	131	14	1340.959
-1.832596	1.545873	-1.877082	14	20	20	1340.606
-0.261799	2.073035	2.027405	4	130	20	1339.435
1.308997	2.478122	2.609777	8	134	11	1339.186
1.047198	1.214854	-1.966664	126	131	24	1338.246
-0.523599	0.899350	-2.069907	134	0	21	1338.083
2.094395	2.881233	-2.582574	9	132	12	1337.078
-1.308997	0.866395	-2.492918	15	17	25	1336.658
0.785398	1.574060	2.783565	16	11	30	1336.265
1.570796	2.579248	-2.364801	17	3	22	1335.556
2.356194	1.242974	-2.977882	136	5	21	1335.473
-0.785398	1.391910	3.030322	13	16	23	1334.333
1.047198	1.699788	2.452890	19	16	26	1333.172
-2.094395	1.214854	-1.966664	9	10	27	1331.011
1.047198	2.251330	-2.330739	16	5	23	1330.956
-2.879793	1.574060	2.783565	0	139	20	1330.896
0.523599	2.588535	-2.976617	20	2	16	1330.578
1.308997	2.041297	-2.664597	4	130	21	1330.530
-1.047198	0.379747	-1.713059	15	20	18	1329.829
-1.308997	2.033014	2.977192	134	138	23	1329.723
0.261799	1.450119	-2.739050	10	14	27	1329.564
-1.047198	2.704512	1.488683	21	1	12	1329.323
-1.047198	0.297065	2.160177	23	137	19	1329.158
0.785398	0.290380	-0.796960	6	126	9	1329.042
-0.523599	1.869911	2.701025	13	131	3	1328.499
2.617994	0.992645	-1.723759	24	1	18	1327.323
1.308997	1.325504	-1.671296	1	131	19	1327.174
0.000000	1.699788	2.452890	17	15	20	1325.401
1.308997	1.658653	-2.409879	1	129	25	1324.559
-2.094395	1.756530	-2.105156	126	133	24	1324.319
0.785398	0.700570	1.559208	7	138	19	1324.205
2.356194	2.153910	-1.714959	20	11	20	1323.990
-2.617994	0.864993	2.278281	120	120	25	1323.749
-2.094395	0.571433	-1.188419	0	0	17	1323.587
-2.094395	0.910508	1.903534	137	131	22	1323.462
-1.570796	1.128190	-2.288622	13	5	24	1322.826
0.785398	1.448123	-2.163292	136	133	24	1322.676
0.000000	1.574060	2.783565	16	15	22	1322.062
1.047198	0.685216	-1.712745	137	135	20	1321.765
-2.094395	0.700570	1.559208	121	112	17	1321.604
-1.308997	2.164094	-2.991358	133	1	22	1321.502
0.261799	1.736875	3.023612	132	138	23	1320.965
0.523599	1.433411	-1.035986	121	121	17	1320.362
-0.261799	1.413430	2.550734	4	131	17	1319.758
2.617994	2.356369	3.005869	126	1	22	1318.458
0.000000	0.929350	-2.910676	139	136	23	1317.927
1.308997	1.247695	1.809890	3	1	21	1317.183
-2.356194	1.374601	-2.456031	4	0	25	1316.762
2.617994	2.760637	2.781135	130	137	23	1316.481
1.570796	1.440580	2.260026	5	137	21	1315.937
-0.261799	1.766067	2.153843	21	8	22	1315.192
2.617994	0.906588	1.252948	138	0	18	1315.140
1.047198	1.325504	-1.671296	124	121	22	1313.714
-2.356194	0.850607	-1.335383	15	19	23	1313.647
-1.047198	0.929350	-2.910676	133	137	29	1313.425
-2.879793	2.180315	-1.357379	17	24	4	1312.856
-1.832596	2.349581	-2.702517	138	2	22	1312.745
0.523599	1.448123	-2.163292	132	138	25	1312.714
-0.261799	1.218453	2.777284	12	7	31	1311.591
1.047198	2.579248	-2.364801	131	121	23	1311.540
0.785398	2.033014	2.977192	16	18	18	1310.663
0.000000	1.869911	2.701025	15	14	23	1309.819
-2.094395	1.325504	-1.671296	13	20	24	1309.578
2.617994	1.569311	-3.003978	5	138	21	1309.292
-1.832596	0.619654	-2.216909	19	16	21	1309.006
1.832596	1.440580	2.260026	0	2	24	1308.750
1.047198	1.555207	1.708892	20	23	18	1308.605
0.523599	1.214854	-1.966664	129	0	24	1307.808
1.570796	2.588535	-2.976617	4	133	21	1306.388
-3.141593	1.741644	-2.695914	127	135	26	1306.365
-1.832596	1.218453	2.777284	7	132	13	1305.295
-2.356194	1.870545	-2.976234	124	124	24	1304.295
2.617994	1.391910	3.030322	138	4	23	1304.069
-1.832596	1.658653	-2.409879	0	6	26	1304.046
-0.261799	1.846342	-1.796954	114	127	18	1303.639
-0.523599	1.218453	2.777284	15	16	21	1303.506
2.879793	2.719179	-1.780644	23	17	10	1302.858
2.094395	0.929350	-2.910676	6	138	28	1302.486
0.000000	1.569311	-3.003978	12	13	26	1301.510
1.570796	0.850607	-1.335383	124	118	19	1301.187
1.047198	1.440580	2.260026	5	137	21	1300.614
0.261799	1.574060	2.783565	16	17	22	1300.497
2.879793	1.658653	-2.409879	16	18	26	1300.310
-1.047198	1.736875	3.023612	137	133	24	1299.758
-2.356194	1.413347	-1.339188	21	23	11	1299.305
2.617994	2.396274	-1.959260	18	13	22	1299.260
-0.785398	0.929350	-2.910676	11	13	30	1299.244
2.617994	2.063651	-2.044600	20	16	22	1298.730
2.617994	2.349581	-2.702517	22	16	20	1298.373
0.000000	0.864993	2.278281	19	12	26	1298.313
0.261799	0.297065	2.160177	5	0	20	1298.239
0.523599	1.756530	-2.105156	11	1	24	1297.595
1.047198	1.756530	-2.105156	138	124	25	1297.000
1.047198	0.290380	-0.796960	9	127	9	1296.852
-1.832596	1.448123	-2.163292	13	18	24	1296.806
-2.617994	0.929350	-2.910676	129	116	22	1296.380
1.308997	1.870545	-2.976234	135	1	20	1296.214
-1.832596	0.700570	1.559208	137	135	22	1295.378
2.879793	2.153910	-1.714959	23	15	15	1295.271
1.047198	1.506530	1.988858	2	6	24	1295.132
1.832596	0.899350	-2.069907	129	112	8	1295.075
-1.570796	1.025536	1.576859	138	133	20	1294.959
-0.785398	0.733948	3.021411	15	12	29	1294.855
-0.261799	1.242974	-2.977882	9	11	31	1294.188
-2.617994	1.756530	-2.105156	128	136	24	1293.132
2.094395	2.396274	-1.959260	2	132	20	1292.849
-1.832596	0.685216	-1.712745	16	21	17	1292.678
-2.356194	1.545873	-1.877082	133	131	25	1292.233
1.570796	1.128190	-2.288622	18	7	21	1292.185
0.523599	1.391910	3.030322	10	9	32	1291.729
2.094395	1.433411	-1.035986	12	131	3	1291.646
0.000000	2.299159	2.264663	19	11	18	1290.541
-1.047198	0.906588	1.252948	0	134	20	1290.157
-2.094395	1.948085	-2.363031	122	133	23	1289.879
-0.523599	1.846342	-1.796954	125	135	24	1289.426
-0.523599	1.766067	2.153843	3	129	21	1289.253
-1.570796	0.379747	-1.713059	0	0	17	1289.182
-0.261799	1.128190	-2.288622	119	131	26	1289.138
2.879793	1.846342	-1.796954	23	15	18	1289.094
1.308997	1.766067	2.153843	5	138	21	1288.658
0.261799	1.569311	-3.003978	129	138	22	1287.700
1.308997	2.115563	0.685730	14	15	19	1287.449
-0.785398	1.242974	-2.977882	16	13	23	1287.363
-1.047198	0.640596	-2.797608	17	16	25	1287.346
0.785398	1.741644	-2.695914	12	16	25	1287.320
-0.261799	0.929350	-2.910676	127	135	29	1286.458
-0.785398	1.870545	-2.976234	9	10	26	1286.445
2.879793	1.545873	-1.877082	135	136	24	1285.834
-2.617994	2.724429	-0.348782	20	137	12	1285.263
-0.523599	1.574060	2.783565	2	130	21	1285.021
2.094395	2.719179	-1.780644	4	131	18	1284.870
0.000000	0.733948	3.021411	13	20	26	1284.441
0.785398	1.870545	-2.976234	14	18	22	1284.370
-2.617994	1.732874	-0.951685	16	22	16	1283.603
1.832596	1.374601	-2.456031	13	135	26	1283.197
-2.094395	1.134796	2.434290	125	118	27	1282.638
1.308997	1.135834	-1.431087	2	131	15	1282.494
-2.094395	0.685216	-1.712745	17	6	21	1282.356
0.785398	1.134796	2.434290	17	16	27	1282.320
-0.261799	1.998705	2.370472	1	130	23	1282.137
1.047198	0.910508	1.903534	2	0	23	1281.714
2.879793	0.080730	-2.622036	126	112	12	1281.476
-2.879793	1.194549	-0.801900	16	18	18	1281.336
-3.141593	2.063651	-2.044600	23	8	21	1281.229
-0.261799	1.440580	2.260026	18	133	3	1281.108
0.523599	1.413430	2.550734	16	20	13	1280.258
0.523599	1.606104	-0.451151	124	115	10	1280.222
2.617994	1.218453	2.777284	134	6	20	1279.835
2.356194	2.979456	-1.009304	12	131	16	1279.833
0.000000	1.413347	-1.339188	119	128	20	1279.612
-2.094395	1.310100	1.488307	11	8	23	1278.885
-2.617994	1.448123	-2.163292	129	133	26	1278.837
-2.356194	1.128190	-2.288622	6	0	25	1278.811
2.094395	1.904882	-1.478089	6	129	3	1278.742
2.879793	2.063651	-2.044600	18	17	24	1278.516
2.617994	0.733948	3.021411	128	120	28	1278.225
-2.879793	1.417623	-0.202254	16	20	10	1277.944
-2.617994	1.836682	-0.676006	15	22	13	1277.655
0.523599	1.242974	-2.977882	3	13	33	1276.726
-2.617994	1.846342	-1.796954	22	14	18	1276.434
0.785398	0.571433	-1.188419	137	136	20	1276.419
0.785398	1.756530	-2.105156	0	137	24	1276.372
-3.141593	1.135813	-2.658866	12	15	30	1276.204
-3.141593	2.153910	-1.714959	21	16	20	1275.559
0.785398	1.214854	-1.966664	129	138	24	1275.407
-1.570796	0.618092	2.539118	11	130	9	1275.137
2.617994	0.929350	-2.910676	136	2	18	1274.635
2.356194	1.050534	3.042579	136	0	20	1273.939
-2.356194	0.571433	-1.188419	16	18	22	1273.744
-0.523599	1.440580	2.260026	10	119	4	1273.539
-1.308997	0.419640	2.974122	11	130	6	1272.930
1.308997	0.379747	-1.713059	135	136	20	1272.295
2.356194	0.080730	-2.622036	125	111	18	1272.205
-1.832596	1.135834	-1.431087	136	5	15	1272.142
-1.308997	0.685216	-1.712745	15	19	21	1271.864
-2.094395	1.374601	-2.456031	5	5	27	1271.783
2.879793	1.135813	-2.658866	139	1	23	1271.451
-2.356194	1.741644	-2.695914	125	126	24	1271.289
2.617994	2.664082	-1.071402	16	133	14	1271.058
0.261799	1.756530	-2.105156	123	115	22	1270.127
2.617994	0.619654	-2.216909	4	137	23	1269.864
-2.617994	1.214854	-1.966664	10	9	27	1269.831
-0.785398	1.413430	2.550734	12	131	5	1268.234
-1.047198	0.866395	-2.492918	10	26	14	1268.169
0.523599	2.041297	-2.664597	14	7	25	1268.152
-2.356194	1.194549	-0.801900	14	22	17	1267.766
-0.785398	2.349581	-2.702517	119	115	3	1267.611
0.523599	1.450119	-2.739050	11	15	26	1267.337
-3.141593	2.033014	2.977192	4	7	27	1267.253
-1.047198	0.914445	2.687814	8	129	9	1266.983
-0.785398	1.448123	-2.163292	119	136	24	1266.245
1.047198	0.992645	-1.723759	138	134	20	1266.056
-0.785398	0.080730	-2.622036	2	0	19	1265.857
0.785398	0.591903	2.010408	2	1	22	1265.722
-2.356194	1.736875	3.023612	117	129	23	1264.888
-2.356194	1.696674	-1.253233	15	19	21	1264.436
-0.261799	1.374601	-2.456031	119	129	27	1264.168
1.832596	0.080730	-2.622036	136	135	22	1263.896
1.832596	2.719179	-1.780644	3	134	19	1263.777
0.261799	0.866395	-2.492918	122	134	27	1263.678
0.000000	1.998705	2.370472	1	133	23	1262.803
-0.785398	2.478122	2.609777	13	135	19	1262.480
1.570796	2.104282	-0.813972	14	132	10	1262.405
-2.617994	2.984978	1.954446	134	4	20	1262.021
1.047198	2.041297	-2.664597	13	17	24	1261.434
2.356194	0.370812	-2.547742	127	112	21	1260.334
2.356194	2.881233	-2.582574	21	20	10	1260.285
0.261799	1.391910	3.030322	11	10	32	1259.591
2.356194	1.135813	-2.658866	14	137	27	1259.534
2.094395	1.128190	-2.288622	133	117	26	1259.484
-2.879793	1.658653	-2.409879	13	24	26	1259.274
0.261799	1.545873	-1.877082	129	128	25	1258.986
-2.617994	1.545873	-1.877082	18	8	20	1258.468
1.308997	2.063651	-2.044600	17	3	22	1258.135
0.000000	1.741644	-2.695914	127	114	24	1258.110
-0.261799	0.618092	2.539118	3	137	25	1257.797
-0.261799	1.658653	-2.409879	119	122	24	1257.647
-0.261799	2.760637	2.781135	11	132	22	1257.493
0.785398	1.658653	-2.409879	137	133	24	1256.917
-2.617994	1.948085	-2.363031	125	136	23	1256.634
-1.832596	0.571433	-1.188419	1	137	18	1256.607
0.785398	2.041297	-2.664597	3	125	22	1256.536
-1.832596	1.948085	-2.363031	123	129	24	1256.126
-1.047198	0.618092	2.539118	14	132	7	1255.949
0.000000	1.214854	-1.966664	135	0	24	1255.762
0.261799	1.050534	3.042579	9	15	31	1255.483
0.261799	1.741644	-2.695914	10	12	27	1255.385
0.523599	1.948085	-2.363031	15	0	22	1255.265
-2.879793	1.301460	-0.509251	17	20	13	1255.156
-1.832596	1.128190	-2.288622	13	4	24	1255.001
1.832596	1.574060	2.783565	3	138	24	1254.900
1.308997	1.448123	-2.163292	126	124	25	1254.770
-3.141593	1.617114	-1.572037	15	13	24	1254.611
0.785398	1.128190	-2.288622	132	137	25	1254.127
2.617994	1.948085	-2.363031	17	18	25	1253.854
2.356194	1.756530	-2.105156	18	12	25	1253.770
-0.523599	1.870545	-2.976234	137	136	25	1253.691
1.832596	1.413347	-1.339188	7	132	11	1253.682
0.000000	0.618092	2.539118	16	15	27	1253.506
1.570796	0.619654	-2.216909	139	134	23	1253.498
-1.308997	0.619654	-2.216909	2	138	20	1253.332
2.356194	0.866395	-2.492918	131	116	26	1253.168
-2.356194	1.214854	-1.966664	8	10	27	1252.689
-1.570796	2.881233	-2.582574	136	3	19	1252.622
0.261799	2.041297	-2.664597	3	0	27	1252.133
-0.785398	0.370812	-2.547742	2	139	18	1251.688
1.047198	1.168678	2.108595	15	23	25	1250.998
2.879793	1.741644	-2.695914	2	138	24	1250.961
2.617994	2.164094	-2.991358	18	23	15	1250.799
-2.356194	2.863997	0.549740	12	132	14	1250.610
-0.261799	1.574060	2.783565	16	14	22	1250.535
-3.141593	2.456751	-1.503343	17	14	22	1250.468
2.356194	1.325504	-1.671296	23	138	17	1249.876
-2.094395	0.866955	-0.931351	138	2	16	1249.651
0.000000	0.419640	2.974122	14	25	19	1249.589
-1.047198	0.619654	-2.216909	15	16	23	1249.576
-2.617994	1.301460	-0.509251	15	22	13	1249.560
0.785398	1.025536	1.576859	20	22	18	1249.505
-2.094395	0.370812	-2.547742	11	135	21	1249.322
1.832596	2.251330	-2.330739	17	10	25	1249.194
1.832596	2.174483	2.653697	10	134	12	1248.942
-2.094395	1.247695	1.809890	12	10	23	1248.935
2.617994	1.904882	-1.478089	19	11	21	1248.681
1.570796	0.571433	-1.188419	123	117	15	1248.547
0.000000	0.866395	-2.492918	123	137	27	1248.547
0.523599	1.168678	2.108595	20	14	25	1248.385
-2.617994	1.450119	-2.739050	127	124	25	1247.875
0.785398	2.063651	-2.044600	11	3	24	1247.824
-2.617994	1.569311	-3.003978	125	123	24	1247.363
-3.141593	0.929350	-2.910676	126	115	19	1247.284
2.879793	0.685216	-1.712745	21	12	23	1246.907
-0.261799	1.869911	2.701025	136	136	22	1246.902
1.047198	0.866955	-0.931351	0	135	17	1246.615
0.523599	1.736875	3.023612	133	138	22	1246.230
1.308997	1.214854	-1.966664	1	133	22	1246.196
-1.047198	0.370812	-2.547742	14	20	26	1246.181
-1.832596	1.766067	2.153843	138	133	23	1245.785
1.047198	2.356369	3.005869	8	130	14	1245.203
0.261799	0.929350	-2.910676	139	135	24	1245.068
2.617994	1.450119	-2.739050	7	135	20	1244.848
-2.617994	1.134497	-1.109631	16	19	20	1244.366
0.785398	1.506530	1.988858	19	23	19	1243.675
1.832596	1.135813	-2.658866	9	136	28	1243.644
-0.523599	1.448123	-2.163292	118	133	24	1243.481
-0.785398	0.419640	2.974122	22	13	23	1243.149
0.785398	1.948085	-2.363031	16	1	23	1243.136
1.832596	1.506530	1.988858	17	22	19	1243.080
-0.785398	0.674054	1.013609	0	128	20	1242.730
-2.356194	0.864993	2.278281	123	118	25	1242.704
-2.356194	1.247695	1.809890	128	4	17	1242.515
0.785398	1.545873	-1.877082	129	127	25	1242.414
-0.523599	1.242974	-2.977882	10	12	31	1242.377
-0.523599	2.063651	-2.044600	115	128	20	1241.825
0.523599	2.063651	-2.044600	10	2	24	1241.745
0.523599	2.164094	-2.991358	17	9	23	1241.475
0.261799	2.984978	1.954446	4	135	13	1240.717
-0.523599	0.914445	2.687814	15	10	29	1240.601
1.047198	2.174483	2.653697	2	139	24	1239.694
2.094395	1.374601	-2.456031	6	133	18	1239.580
0.785398	1.998705	2.370472	2	2	23	1239.575
-0.785398	1.741644	-2.695914	3	10	30	1239.552
-2.617994	0.992645	-1.723759	14	4	24	1239.019
-0.261799	1.391910	3.030322	0	134	23	1238.774
0.261799	2.349581	-2.702517	4	137	25	1238.728
2.879793	2.041297	-2.664597	134	0	25	1238.636
-2.879793	1.545873	-1.877082	18	21	23	1237.967
0.523599	1.569311	-3.003978	14	15	25	1237.873
-1.832596	0.866395	-2.492918	19	13	26	1237.780
-0.523599	1.374601	-2.456031	121	132	27	1237.698
-2.879793	0.899350	-2.069907	17	17	26	1237.692
2.094395	1.870545	-2.976234	126	133	24	1237.616
-0.523599	0.831641	0.616218	6	128	15	1237.604
0.000000	1.413430	2.550734	9	128	9	1237.077
-1.047198	1.214854	-1.966664	134	139	23	1237.033
-0.785398	2.164094	-2.991358	8	3	25	1236.816
0.785398	2.478122	2.609777	6	132	19	1236.785
-1.047198	1.128190	-2.288622	136	137	24	1236.169
1.308997	1.440580	2.260026	3	139	23	1235.950
-2.356194	1.904882	-1.478089	13	19	23	1235.595
0.785398	1.699788	2.452890	23	10	22	1235.458
1.047198	2.001437	0.381215	15	15	17	1235.280
-1.047198	0.080730	-2.622036	4	139	19	1235.240
-2.617994	1.050534	3.042579	125	117	21	1235.067
1.832596	1.721184	-0.153948	14	17	15	1234.997
0.523599	2.343981	-1.040456	121	114	139	1234.765
1.570796	0.992645	-1.723759	124	120	21	1234.761
1.308997	1.195355	1.200319	18	26	12	1234.665
-0.261799	2.251330	-2.330739	123	116	22	1234.385
2.356194	1.948085	-2.363031	14	12	27	1234.050
-1.832596	1.756530	-2.105156	12	19	23	1233.664
1.308997	1.128190	-2.288622	128	116	25	1233.469
2.879793	2.979456	-1.009304	15	138	19	1232.856
0.261799	1.433411	-1.035986	119	123	17	1232.275
2.617994	2.579248	-2.364801	24	14	16	1232.003
-2.094395	1.741644	-2.695914	11	9	25	1231.302
-3.141593	1.846342	-1.796954	20	22	17	1230.955
-1.047198	1.870545	-2.976234	135	0	24	1230.811
1.047198	1.846342	-1.796954	10	2	24	1230.545
0.523599	1.574060	2.783565	15	20	22	1230.539
-0.523599	1.391910	3.030322	1	132	23	1230.537
1.832596	2.164094	-2.991358	5	135	22	1230.526
1.570796	2.356369	3.005869	5	136	22	1229.938
2.094395	2.299159	2.264663	125	137	22	1229.877
-2.094395	1.413347	-1.339188	16	25	11	1229.790
-1.832596	2.356369	3.005869	135	2	23	1229.447
-1.832596	0.674054	1.013609	119	113	11	1229.306
0.000000	2.041297	-2.664597	2	1	28	1229.297
-2.617994	1.574060	2.783565	121	121	20	1229.174
1.308997	0.992645	-1.723759	123	127	22	1229.069
-1.570796	0.640596	-2.797608	21	11	25	1229.021
-1.570796	0.992645	-1.723759	14	17	24	1228.888
0.523599	0.591903	2.010408	4	139	22	1228.726
-2.094395	0.866395	-2.492918	12	126	1	1227.833
0.261799	1.214854	-1.966664	136	138	23	1227.667
-2.617994	1.113094	-0.272241	13	23	13	1227.657
1.308997	1.948085	-2.363031	1	128	24	1227.153
1.832596	1.904882	-1.478089	131	109	12	1227.144
1.832596	2.349581	-2.702517	5	135	21	1226.903
0.785398	2.984978	1.954446	13	131	3	1226.677
0.261799	1.413430	2.550734	17	17	26	1226.467
2.879793	2.664082	-1.071402	5	131	16	1226.121
0.523599	2.349581	-2.702517	18	1	19	1225.382
-2.879793	0.929350	-2.910676	136	119	29	1225.378
2.617994	1.574060	2.783565	136	4	22	1225.032
-2.094395	0.992645	-1.723759	17	13	23	1224.687
-2.617994	1.194549	-0.801900	18	17	16	1224.586
-0.523599	0.866395	-2.492918	3	29	14	1224.526
-2.094395	1.699788	2.452890	0	133	23	1224.499
-0.523599	2.396274	-1.959260	114	124	14	1224.471
1.570796	1.325504	-1.671296	3	137	22	1224.127
0.523599	0.290380	-0.796960	137	136	20	1224.006
-1.047198	1.545873	-1.877082	131	138	24	1223.643
0.523599	1.440580	2.260026	19	19	22	1223.052
-2.356194	1.869911	2.701025	133	4	21	1222.877
-1.570796	2.174483	2.653697	134	137	23	1222.554
0.785398	0.910508	1.903534	3	0	22	1222.339
2.094395	2.180315	-1.357379	7	132	13	1221.952
1.308997	1.506530	1.988858	5	0	21	1221.103
0.261799	1.128190	-2.288622	120	130	26	1220.723
2.356194	2.396274	-1.959260	17	12	24	1220.707
-1.570796	1.869911	2.701025	137	137	24	1220.598
2.094395	1.025536	1.576859	139	2	20	1220.531
-1.570796	0.700570	1.559208	0	133	21	1220.427
0.785398	2.174483	2.653697	18	20	13	1219.551
-0.523599	1.741644	-2.695914	9	12	27	1219.434
1.047198	1.025536	1.576859	18	25	19	1218.823
0.261799	0.618092	2.539118	16	21	24	1218.566
-0.523599	0.297065	2.160177	17	134	8	1218.508
2.356194	1.128190	-2.288622	135	117	26	1218.343
1.832596	1.982574	-1.115518	3	132	10	1218.116
1.308997	2.349581	-2.702517	4	131	19	1218.027
-1.570796	1.374601	-2.456031	17	18	20	1217.727
1.047198	2.164094	-2.991358	3	131	22	1217.694
-0.261799	1.569311	-3.003978	12	15	25	1217.635
1.832596	2.063651	-2.044600	8	12	28	1217.519
-2.617994	1.606104	-0.451151	15	22	10	1217.450
2.094395	1.545873	-1.877082	6	133	14	1217.351
-0.523599	1.545873	-1.877082	128	137	24	1217.347
-0.261799	1.870545	-2.976234	128	113	25	1217.295
-1.308997	0.379747	-1.713059	2	137	17	1217.256
-2.617994	1.824694	1.850876	107	0	7	1216.954
-2.356194	2.724429	-0.348782	8	130	10	1216.833
0.261799	1.606104	-0.451151	122	117	10	1216.816
-2.356194	1.699788	2.452890	139	135	23	1216.496
-1.570796	1.658653	-2.409879	15	18	20	1216.420
1.570796	1.658653	-2.409879	13	134	25	1216.342
0.000000	0.910508	1.903534	24	4	0	1216.328
2.356194	0.850607	-1.335383	7	132	19	1216.231
0.000000	1.440580	2.260026	12	126	4	1216.177
-1.308997	1.374601	-2.456031	9	15	28	1216.117
-3.141593	1.574060	2.783565	2	1	26	1216.069
-0.523599	2.984978	1.954446	15	0	21	1215.835
1.047198	1.998705	2.370472	1	139	23	1215.476
2.356194	0.992645	-1.723759	22	137	18	1215.404
-0.261799	0.864993	2.278281	19	10	26	1215.393
-2.879793	0.619654	-2.216909	18	12	27	1215.371
1.047198	0.619654	-2.216909	130	138	24	1215.135
-2.617994	1.617114	-1.572037	15	20	23	1215.020
1.308997	0.906588	1.252948	17	26	14	1214.863
-0.523599	1.134796	2.434290	10	119	2	1214.805
-1.047198	1.025536	1.576859	139	135	21	1214.619
1.308997	2.153910	-1.714959	13	1	23	1214.476
-1.570796	0.866395	-2.492918	0	137	26	1213.961
1.308997	1.450119	-2.739050	139	132	27	1213.235
1.308997	1.310100	1.488307	17	26	15	1213.025
1.570796	1.741644	-2.695914	132	0	21	1212.721
-2.356194	0.910508	1.903534	119	116	21	1212.565
-2.094395	1.545873	-1.877082	132	131	25	1212.545
2.879793	0.906588	1.252948	139	138	18	1212.520
-1.570796	1.214854	-1.966664	6	19	28	1211.968
2.617994	1.617114	-1.572037	25	3	15	1211.721
-2.356194	2.393226	1.857173	117	118	10	1211.615
-0.785398	1.374601	-2.456031	131	3	19	1211.568
1.308997	0.899350	-2.069907	138	134	24	1211.552
2.617994	0.080730	-2.622036	6	127	12	1211.325
-2.356194	0.080730	-2.622036	15	132	9	1211.286
-1.047198	1.135813	-2.658866	7	13	30	1211.078
-1.308997	1.870545	-2.976234	136	133	24	1210.943
0.000000	1.128190	-2.288622	133	133	25	1210.775
-1.308997	0.370812	-2.547742	3	139	21	1210.636
0.523599	1.545873	-1.877082	129	127	25	1210.486
0.523599	1.658653	-2.409879	135	127	26	1210.412
2.879793	0.992645	-1.723759	23	14	21	1210.068
0.785398	2.588535	-2.976617	16	3	22	1209.047
1.047198	1.766067	2.153843	9	134	18	1209.011
-2.094395	0.619654	-2.216909	10	128	6	1208.932
-2.094395	1.413430	2.550734	122	121	26	1208.839
2.879793	0.899350	-2.069907	5	136	23	1207.742
0.261799	2.164094	-2.991358	8	139	28	1207.347
-0.785398	1.050534	3.042579	133	133	30	1207.332
2.094395	2.104282	-0.813972	12	131	2	1206.952
-2.356194	1.168678	2.108595	0	130	19	1206.828
-1.570796	1.135834	-1.431087	9	28	11	1206.717
-2.617994	1.736875	3.023612	121	123	20	1206.693
-0.261799	2.174483	2.653697	13	11	24	1206.488
0.261799	2.180315	-1.357379	122	115	15	1206.442
2.879793	1.904882	-1.478089	24	12	15	1206.408
-2.617994	2.979456	-1.009304	10	132	7	1206.290
-0.261799	2.041297	-2.664597	11	135	21	1205.987
-2.094395	1.168678	2.108595	122	116	24	1205.875
-2.356194	1.440580	2.260026	0	131	21	1205.728
2.094395	1.242974	-2.977882	10	0	30	1205.672
1.308997	0.619654	-2.216909	136	135	24	1205.008
-1.308997	0.297065	2.160177	20	133	19	1204.453
0.261799	1.135813	-2.658866	136	134	25	1204.328
0.000000	1.391910	3.030322	12	9	31	1203.992
2.356194	1.134497	-1.109631	13	118	136	1203.730
2.879793	0.619654	-2.216909	5	138	24	1203.487
2.094395	1.135813	-2.658866	11	137	28	1203.133
2.617994	0.899350	-2.069907	21	139	23	1202.888
0.523599	1.135834	-1.431087	122	130	21	1202.545
-1.570796	2.704512	1.488683	11	137	20	1202.368
-2.617994	0.591903	2.010408	136	134	23	1202.199
0.523599	1.050534	3.042579	13	23	18	1201.668
-2.879793	1.135813	-2.658866	0	123	29	1201.461
2.879793	1.870545	-2.976234	126	128	24	1200.845
0.261799	2.579248	-2.364801	127	122	23	1200.629
-2.879793	1.214854	-1.966664	7	128	22	1200.565
0.785398	2.343981	-1.040456	123	113	139	1200.544
1.047198	1.606104	-0.451151	2	133	11	1200.514
-0.261799	1.168678	2.108595	20	135	1	1199.654
2.356194	1.741644	-2.695914	4	139	24	1199.320
-2.617994	1.555207	1.708892	1	134	20	1198.932
1.570796	1.998705	2.370472	9	135	14	1198.902
-1.047198	1.450119	-2.739050	8	13	30	1198.776
0.261799	2.251330	-2.330739	3	3	26	1198.720
1.832596	1.448123	-2.163292	15	133	23	1198.586
-3.141593	0.619654	-2.216909	18	10	28	1197.455
1.570796	0.899350	-2.069907	121	134	21	1197.303
-0.785398	2.984978	1.954446	20	139	14	1197.044
1.308997	2.251330	-2.330739	16	7	24	1197.038
-2.356194	1.569311	-3.003978	124	122	23	1196.897
1.308997	0.685216	-1.712745	119	132	19	1196.865
-2.356194	1.413430	2.550734	2	131	18	1196.684
-0.261799	0.866395	-2.492918	14	17	22	1196.683
0.785398	0.864993	2.278281	15	25	20	1196.422
2.617994	0.685216	-1.712745	5	132	22	1196.371
0.261799	1.242974	-2.977882	12	13	28	1195.837
2.356194	1.135834	-1.431087	25	139	14	1195.764
-1.308997	1.025536	1.576859	138	134	21	1195.728
2.094395	1.440580	2.260026	139	2	24	1195.441
-3.141593	1.545873	-1.877082	134	137	24	1195.430
1.047198	2.664082	-1.071402	9	131	9	1195.202
0.000000	1.168678	2.108595	20	8	26	1195.170
1.570796	0.866395	-2.492918	0	139	28	1194.642
-2.356194	0.591903	2.010408	122	113	20	1194.130
0.785398	1.510910	-0.740472	127	113	14	1193.930
-2.617994	0.850607	-1.335383	17	6	21	1193.886
0.000000	1.450119	-2.739050	127	117	27	1193.668
0.785398	0.866955	-0.931351	123	117	18	1193.633
-3.141593	2.041297	-2.664597	128	137	25	1193.552
-1.308997	2.704512	1.488683	14	132	17	1193.488
-0.785398	0.619654	-2.216909	15	17	21	1193.304
-2.879793	1.325504	-1.671296	14	6	24	1193.139
-1.308997	1.658653	-2.409879	3	3	26	1193.054
2.617994	1.741644	-2.695914	3	137	25	1192.900
2.879793	2.349581	-2.702517	131	0	24	1192.813
-2.879793	1.766067	2.153843	135	138	22	1192.803
-1.047198	0.899350	-2.069907	15	16	23	1192.078
-1.832596	1.195355	1.200319	133	136	20	1191.979
0.785398	1.134497	-1.109631	125	115	19	1191.469
-2.879793	1.113094	-0.272241	16	21	13	1191.191
-2.879793	2.251330	-2.330739	15	9	23	1191.074
0.785398	0.914445	2.687814	10	21	29	1190.811
-1.047198	0.203748	0.590255	133	136	20	1190.805
-2.356194	1.846342	-1.796954	19	17	18	1190.786
0.785398	0.899350	-2.069907	122	118	24	1190.740
1.047198	1.574060	2.783565	8	28	14	1190.395
0.523599	1.413347	-1.339188	121	122	20	1190.122
-2.617994	1.135813	-2.658866	130	121	25	1190.042
1.832596	1.168678	2.108595	137	5	22	1189.952
2.094395	1.214854	-1.966664	19	134	21	1189.799
1.047198	1.134497	-1.109631	122	119	19	1189.790
-0.785398	1.569311	-3.003978	136	136	22	1189.511
-3.141593	1.869911	2.701025	1	5	25	1189.494
2.617994	1.658653	-2.409879	16	16	28	1189.417
2.617994	2.719179	-1.780644	7	131	16	1189.417
-1.308997	0.203748	0.590255	131	139	20	1189.152
1.570796	2.174483	2.653697	19	25	16	1189.123
2.879793	0.379747	-1.713059	14	132	10	1188.831
0.261799	0.591903	2.010408	20	14	24	1188.776
0.523599	2.180315	-1.357379	124	114	16	1188.688
1.047198	2.760637	2.781135	7	132	16	1188.605
0.000000	1.658653	-2.409879	123	115	23	1188.145
-1.570796	1.574060	2.783565	11	134	20	1188.118
2.356194	1.658653	-2.409879	16	13	28	1187.856
2.617994	2.041297	-2.664597	133	138	25	1187.846
-0.785398	2.637879	2.121598	14	132	21	1187.789
-1.570796	1.135813	-2.658866	15	8	25	1187.498
-1.832596	0.618092	2.539118	10	129	10	1187.448
-0.523599	0.640596	-2.797608	13	20	25	1187.337
-1.047198	0.674054	1.013609	3	130	18	1187.231
-0.261799	2.588535	-2.976617	8	139	23	1187.002
2.356194	0.733948	3.021411	126	120	28	1186.987
-1.308997	1.247695	1.809890	0	133	22	1186.935
2.356194	1.617114	-1.572037	23	138	15	1186.593
2.094395	1.736875	3.023612	20	18	20	1186.481
-3.141593	1.218453	2.777284	2	136	25	1186.211
2.094395	1.506530	1.988858	138	5	23	1185.699
-2.617994	0.866395	-2.492918	5	139	23	1185.651
1.047198	1.195355	1.200319	20	23	12	1185.470
-1.570796	0.496451	0.593859	119	113	10	1185.309
-2.356194	2.478122	2.609777	135	3	20	1185.226
-1.570796	2.724429	-0.348782	5	133	13	1184.868
-1.308997	0.640596	-2.797608	20	14	25	1184.809
-1.308997	1.214854	-1.966664	6	30	9	1184.584
0.523599	2.174483	2.653697	18	18	15	1183.958
-3.141593	0.733948	3.021411	127	121	28	1183.696
0.523599	0.297065	2.160177	5	138	18	1183.309
0.785398	2.164094	-2.991358	18	11	22	1183.266
0.523599	2.104282	-0.813972	124	114	10	1183.207
0.000000	2.349581	-2.702517	2	138	27	1182.913
1.832596	1.413430	2.550734	1	139	24	1182.573
-0.785398	1.574060	2.783565	0	133	21	1182.547
-2.356194	0.899350	-2.069907	19	7	22	1182.373
1.570796	1.374601	-2.456031	10	135	27	1181.730
-2.879793	2.063651	-2.044600	22	12	21	1181.418
-2.094395	1.128190	-2.288622	8	6	27	1181.397
-1.047198	1.247695	1.809890	2	132	22	1180.924
1.047198	1.869911	2.701025	12	27	12	1180.837
0.523599	1.134497	-1.109631	119	122	17	1180.773
2.356194	1.904882	-1.478089	8	131	7	1180.526
0.261799	1.948085	-2.363031	12	139	23	1180.464
-0.523599	1.506530	1.988858	23	7	20	1179.390
2.094395	1.617114	-1.572037	7	131	11	1179.358
0.000000	1.617114	-1.572037	122	133	22	1179.037
-2.356194	1.391910	3.030322	124	123	26	1178.890
-2.094395	1.870545	-2.976234	124	123	24	1178.886
-2.879793	1.736875	3.023612	121	136	25	1178.682
1.832596	0.992645	-1.723759	124	120	21	1178.635
-2.356194	0.370812	-2.547742	11	130	5	1178.564
-2.356194	1.450119	-2.739050	137	4	26	1178.543
-0.261799	1.450119	-2.739050	5	10	31	1178.285
-2.094395	0.850607	-1.335383	12	21	24	1178.080
1.832596	2.881233	-2.582574	5	133	17	1177.855
-0.261799	1.736875	3.023612	15	13	24	1177.692
-1.570796	1.448123	-2.163292	133	1	25	1177.588
0.785398	0.297065	2.160177	3	138	20	1177.391
2.094395	0.866395	-2.492918	2	130	23	1177.190
1.832596	1.325504	-1.671296	6	136	22	1177.083
-2.617994	0.615174	-0.666022	16	21	18	1177.054
0.000000	1.134497	-1.109631	118	129	19	1176.818
-1.570796	0.419640	2.974122	21	7	25	1176.668
1.047198	1.658653	-2.409879	136	129	26	1176.563
-0.523599	0.419640	2.974122	3	139	23	1176.477
-2.094395	0.379747	-1.713059	4	0	20	1176.444
-0.785398	1.756530	-2.105156	116	130	22	1176.277
-2.617994	2.138223	1.678323	107	138	2	1176.246
2.879793	1.391910	3.030322	138	4	23	1175.821
0.785398	1.824694	1.850876	8	0	22	1175.816
0.523599	2.579248	-2.364801	128	122	23	1175.565
0.785398	2.299159	2.264663	20	20	13	1175.495
-2.094395	0.906588	1.252948	117	115	12	1175.268
0.523599	1.904882	-1.478089	124	115	19	1175.139
2.094395	1.448123	-2.163292	21	11	18	1174.878
1.570796	2.881233	-2.582574	6	130	17	1174.557
1.047198	1.870545	-2.976234	20	138	23	1174.536
1.047198	0.700570	1.559208	18	25	19	1174.239
1.832596	1.214854	-1.966664	20	7	19	1173.682
0.785398	2.073035	2.027405	10	133	10	1173.427
-2.356194	1.998705	2.370472	118	119	13	1172.499
1.308997	2.001437	0.381215	14	16	17	1172.455
0.000000	2.456751	-1.503343	120	117	14	1172.427
1.570796	1.699788	2.452890	6	136	20	1172.272
1.047198	1.134796	2.434290	4	136	14	1171.748
1.570796	2.041297	-2.664597	126	124	23	1171.399
0.523599	0.992645	-1.723759	126	139	22	1171.348
2.617994	1.374601	-2.456031	16	10	28	1171.322
-2.617994	1.128190	-2.288622	22	7	25	1170.984
0.261799	0.866955	-0.931351	118	130	17	1170.981
-3.141593	1.128190	-2.288622	16	17	28	1170.765
2.356194	1.870545	-2.976234	3	2	24	1170.615
2.356194	0.899350	-2.069907	2	136	22	1170.596
1.308997	2.174483	2.653697	3	138	23	1170.591
-0.785398	1.440580	2.260026	8	117	5	1170.259
1.832596	0.370812	-2.547742	137	135	23	1170.110
2.356194	1.510910	-0.740472	12	132	0	1169.931
-2.094395	1.846342	-1.796954	16	19	18	1169.562
0.000000	2.033014	2.977192	11	1	28	1169.202
-2.879793	2.704512	1.488683	136	2	19	1169.143
1.308997	2.579248	-2.364801	15	124	135	1168.815
-0.523599	2.073035	2.027405	20	3	20	1168.763
2.094395	0.640596	-2.797608	127	118	27	1168.731
-1.832596	0.640596	-2.797608	22	8	25	1168.573
1.832596	1.617114	-1.572037	131	110	12	1168.495
0.000000	2.073035	2.027405	20	14	16	1168.462
-0.261799	1.506530	1.988858	23	10	20	1168.328
0.523599	1.982574	-1.115518	123	118	18	1168.131
-2.879793	1.617114	-1.572037	21	20	18	1167.947
-2.617994	0.899350	-2.069907	10	135	22	1167.796
1.047198	2.033014	2.977192	16	12	28	1167.777
-2.356194	0.866395	-2.492918	7	136	26	1167.765
2.356194	1.448123	-2.163292	139	118	26	1167.665
-0.261799	1.448123	-2.163292	120	134	25	1167.648
-0.261799	1.545873	-1.877082	127	136	24	1167.367
-1.047198	1.134796	2.434290	6	112	7	1166.982
1.308997	0.418037	1.360082	15	27	17	1166.843
-1.570796	1.736875	3.023612	134	1	25	1166.386
1.570796	1.870545	-2.976234	17	1	29	1166.137
0.523599	1.909857	-0.381669	124	115	6	1166.075
-1.832596	1.374601	-2.456031	3	5	27	1165.991
-3.141593	1.904882	-1.478089	23	14	16	1165.913
-3.141593	0.866395	-2.492918	2	1	24	1165.829
-1.047198	2.164094	-2.991358	132	139	23	1165.802
1.308997	2.396274	-1.959260	129	120	22	1165.799
-2.879793	1.948085	-2.363031	2	134	27	1165.794
1.308997	2.356369	3.005869	2	135	23	1165.794
-2.094395	1.658653	-2.409879	12	10	25	1165.651
1.570796	1.846342	-1.796954	9	131	20	1165.123
-2.356194	2.174483	2.653697	138	137	18	1164.624
-2.879793	1.699788	2.452890	137	139	24	1164.520
0.000000	1.766067	2.153843	20	11	22	1164.384
-1.047198	1.440580	2.260026	139	135	24	1164.327
-0.523599	0.591903	2.010408	17	132	3	1164.276
2.356194	1.450119	-2.739050	12	9	32	1163.982
1.308997	2.760637	2.781135	21	18	11	1163.820
-2.617994	0.080730	-2.622036	12	131	8	1163.766
-2.617994	0.914445	2.687814	125	122	28	1163.761
1.047198	0.831641	0.616218	13	133	4	1163.430
1.047198	1.194549	-0.801900	136	139	18	1163.425
2.356194	2.041297	-2.664597	19	15	26	1163.292
2.617994	1.510910	-0.740472	14	133	0	1162.972
-2.094395	1.242974	-2.977882	3	137	20	1162.690
-2.617994	1.391910	3.030322	122	134	27	1162.069
0.523599	1.301460	-0.509251	124	115	11	1161.909
1.308997	1.574060	2.783565	6	29	14	1161.794
0.785398	1.982574	-1.115518	116	116	7	1161.783
0.000000	1.242974	-2.977882	126	129	31	1161.708
1.832596	2.041297	-2.664597	9	131	20	1161.103
0.000000	2.396274	-1.959260	122	115	18	1161.025
-2.094395	1.440580	2.260026	120	118	23	1160.795
-1.832596	1.617114	-1.572037	14	21	14	1160.680
1.570796	1.135834	-1.431087	3	129	16	1160.568
2.879793	1.214854	-1.966664	22	12	23	1160.388
1.570796	1.574060	2.783565	17	16	27	1160.384
-0.261799	1.756530	-2.105156	116	122	21	1160.281
0.000000	1.948085	-2.363031	122	113	19	1160.136
-1.832596	1.310100	1.488307	132	131	22	1159.827
-3.141593	0.914445	2.687814	127	122	29	1159.796
-1.570796	0.914445	2.687814	9	130	12	1159.679
0.785398	1.135834	-1.431087	121	128	21	1159.364
-2.356194	1.242974	-2.977882	126	120	24	1159.331
-0.523599	2.041297	-2.664597	121	116	22	1159.215
-2.617994	1.696674	-1.253233	15	21	20	1159.181
2.356194	2.063651	-2.044600	0	134	23	1158.973
2.879793	2.251330	-2.330739	23	16	18	1158.884
0.785398	1.325504	-1.671296	123	123	22	1158.733
2.617994	2.153910	-1.714959	21	14	19	1158.450
-0.261799	1.433411	-1.035986	118	130	18	1158.369
-2.617994	2.180315	-1.357379	15	16	22	1157.977
-0.785398	0.864993	2.278281	15	132	7	1157.931
-0.523599	1.569311	-3.003978	8	8	31	1157.913
0.000000	1.374601	-2.456031	124	118	25	1157.836
-2.356194	1.617114	-1.572037	13	21	23	1157.704
1.570796	1.367556	0.358405	21	17	9	1157.446
-1.047198	2.379497	0.561089	8	129	8	1157.167
2.094395	2.063651	-2.044600	0	132	23	1157.023
1.308997	1.569311	-3.003978	20	1	25	1156.816
-2.879793	0.618092	2.539118	122	119	25	1156.565
2.094395	2.164094	-2.991358	4	136	23	1156.468
1.570796	1.247695	1.809890	1	3	23	1156.302
1.570796	2.164094	-2.991358	19	13	25	1156.163
0.261799	2.760637	2.781135	18	2	19	1156.150
-1.570796	0.850607	-1.335383	135	3	18	1156.057
-0.261799	1.134796	2.434290	16	8	29	1155.983
-2.617994	2.343981	-1.040456	16	16	20	1155.851
-2.356194	0.640596	-2.797608	5	136	22	1155.359
-2.617994	1.510910	-0.740472	15	23	14	1155.104
-2.094395	0.080730	-2.622036	17	134	9	1155.026
-1.570796	1.134497	-1.109631	134	5	17	1154.634
-1.047198	2.984978	1.954446	10	132	19	1154.568
1.832596	0.685216	-1.712745	123	119	19	1154.330
0.261799	0.290380	-0.796960	134	138	20	1154.295
-0.785398	2.033014	2.977192	138	132	24	1154.187
-2.879793	0.379747	-1.713059	14	132	15	1154.067
2.879793	2.164094	-2.991358	127	138	24	1154.017
0.261799	1.699788	2.452890	18	14	25	1153.996
1.832596	1.128190	-2.288622	11	134	25	1153.976
2.094395	0.850607	-1.335383	16	130	9	1153.960
-0.785398	2.588535	-2.976617	122	110	12	1153.898
-1.047198	1.310100	1.488307	3	129	20	1153.878
-1.832596	0.850607	-1.335383	138	2	18	1153.788
1.308997	0.910508	1.903534	0	2	23	1153.763
-2.617994	0.370812	-2.547742	7	135	21	1153.686
-2.617994	0.733948	3.021411	126	113	15	1153.560
1.570796	1.732874	-0.951685	5	132	8	1153.437
-2.879793	0.080730	-2.622036	20	133	18	1153.252
-1.570796	2.407836	1.410646	13	130	16	1152.887
2.879793	1.325504	-1.671296	12	133	4	1152.747
0.000000	2.760637	2.781135	17	0	20	1152.570
0.523599	0.866395	-2.492918	133	138	24	1152.529
-0.261799	2.349581	-2.702517	6	2	24	1152.523
-1.308997	0.080730	-2.622036	19	18	23	1152.449
-1.832596	1.325504	-1.671296	13	22	21	1151.839
0.000000	0.992645	-1.723759	133	1	22	1151.669
2.094395	2.251330	-2.330739	18	12	24	1151.644
-2.356194	0.685216	-1.712745	17	4	21	1151.540
1.570796	2.760637	2.781135	20	22	11	1151.357
-1.570796	1.391910	3.030322	8	134	16	1151.178
2.094395	1.569311	-3.003978	13	3	29	1151.160
-0.785398	1.218453	2.777284	16	15	20	1151.138
1.570796	0.910508	1.903534	139	3	22	1151.039
-2.617994	0.762244	-0.273349	13	23	14	1150.786
2.617994	2.138223	1.678323	14	14	19	1150.772
0.523599	0.914445	2.687814	133	6	23	1150.670
1.570796	1.450119	-2.739050	10	137	29	1150.586
1.308997	2.180315	-1.357379	18	0	14	1150.308
1.047198	2.396274	-1.959260	128	121	22	1150.200
-2.094395	1.391910	3.030322	138	1	26	1149.910
0.261799	1.045978	0.343692	15	16	18	1149.817
-0.523599	0.618092	2.539118	19	11	27	1149.753
-3.141593	1.391910	3.030322	122	135	27	1149.188
0.523599	1.699788	2.452890	19	12	25	1149.154
2.356194	2.456751	-1.503343	3	130	18	1149.111
1.308997	1.699788	2.452890	6	136	22	1149.096
1.570796	2.349581	-2.702517	18	13	23	1148.958
1.047198	1.413347	-1.339188	131	113	21	1148.775
-0.261799	0.297065	2.160177	15	131	3	1148.761
-2.094395	1.904882	-1.478089	18	25	14	1148.747
2.617994	1.325504	-1.671296	24	3	17	1148.712
1.308997	0.290380	-0.796960	13	128	8	1148.549
-2.356194	1.134796	2.434290	122	119	26	1148.540
1.570796	0.203748	0.590255	21	22	15	1148.118
0.785398	1.846342	-1.796954	8	2	25	1148.048
-2.094395	2.881233	-2.582574	112	7	5	1147.812
0.523599	1.732874	-0.951685	121	120	16	1147.626
1.308997	2.164094	-2.991358	17	9	27	1147.560
1.832596	0.866395	-2.492918	130	117	26	1147.497
2.356194	0.379747	-1.713059	5	136	23	1147.406
-2.879793	2.456751	-1.503343	15	16	22	1147.219
2.094395	0.619654	-2.216909	135	1	17	1147.179
-2.617994	1.904882	-1.478089	14	18	23	1146.927
0.261799	1.510910	-0.740472	119	122	14	1146.862
0.523599	0.700570	1.559208	9	136	19	1146.744
1.047198	1.128190	-2.288622	126	117	25	1146.068
-0.523599	0.992645	-1.723759	131	3	21	1146.030
0.261799	2.719179	-1.780644	127	115	19	1145.935
-1.308997	1.736875	3.023612	12	136	21	1145.930
-2.879793	1.904882	-1.478089	15	17	22	1145.886
-1.308997	2.588535	-2.976617	114	120	11	1145.617
0.785398	1.555207	1.708892	7	3	23	1145.532
1.047198	1.741644	-2.695914	3	127	24	1145.506
-0.261799	2.356369	3.005869	7	137	26	1145.429
1.308997	1.696674	-1.253233	3	131	14	1144.622
-0.523599	0.370812	-2.547742	3	137	16	1144.285
-2.879793	0.992645	-1.723759	18	20	23	1144.234
0.000000	0.297065	2.160177	26	16	16	1144.203
-1.832596	0.419640	2.974122	11	132	11	1144.143
0.000000	1.045978	0.343692	4	130	15	1144.101
-1.570796	0.571433	-1.188419	15	21	18	1144.070
-2.094395	1.506530	1.988858	131	1	19	1144.005
0.523599	1.869911	2.701025	139	2	21	1144.001
1.832596	1.545873	-1.877082	6	137	24	1143.838
-0.261799	2.592629	0.909713	7	135	15	1143.759
-2.617994	1.374601	-2.456031	130	125	26	1143.634
0.785398	1.569311	-3.003978	128	138	23	1143.348
0.523599	0.899350	-2.069907	119	121	24	1143.335
-2.879793	2.356369	3.005869	121	135	22	1143.251
1.047198	1.510910	-0.740472	3	134	14	1143.198
-2.094395	1.448123	-2.163292	15	11	24	1143.173
-2.879793	0.866395	-2.492918	133	117	24	1143.130
-2.094395	0.591903	2.010408	139	136	25	1142.790
2.617994	2.251330	-2.330739	24	13	19	1142.672
-3.141593	1.050534	3.042579	6	134	25	1142.280
-2.617994	1.741644	-2.695914	123	132	25	1142.134
0.000000	1.335669	0.897240	0	138	18	1142.051
0.785398	2.180315	-1.357379	127	116	20	1142.044
2.094395	2.456751	-1.503343	15	132	16	1141.854
-2.879793	1.128190	-2.288622	16	18	27	1141.833
0.523599	1.128190	-2.288622	121	121	26	1141.824
-2.879793	0.914445	2.687814	123	123	28	1141.723
-1.832596	1.824694	1.850876	130	1	17	1141.552
1.308997	2.588535	-2.976617	4	131	21	1141.540
-2.356194	1.325504	-1.671296	137	130	24	1141.270
1.308997	2.033014	2.977192	16	14	28	1141.204
-1.570796	2.579248	-2.364801	136	5	21	1140.985
1.047198	2.349581	-2.702517	18	8	23	1140.853
0.785398	1.736875	3.023612	18	16	22	1140.728
-3.141593	2.343981	-1.040456	19	19	13	1140.553
-0.523599	2.478122	2.609777	19	0	17	1140.140
2.094395	1.869911	2.701025	19	21	19	1140.010
-3.141593	2.356369	3.005869	122	136	22	1139.143
1.308997	1.374601	-2.456031	131	117	27	1138.898
-2.356194	2.637879	2.121598	115	119	7	1138.882
0.000000	1.756530	-2.105156	131	127	25	1138.764
-2.879793	1.732874	-0.951685	17	20	16	1138.709
0.000000	1.870545	-2.976234	131	112	25	1138.654
-2.617994	0.458961	-0.107937	137	3	12	1138.176
-1.047198	1.948085	-2.363031	114	0	19	1138.104
-0.523599	1.450119	-2.739050	6	11	30	1137.950
2.356194	1.374601	-2.456031	8	133	18	1137.461
-0.261799	0.640596	-2.797608	14	22	18	1137.108
-2.617994	1.870545	-2.976234	122	2	24	1137.080
2.356194	1.569311	-3.003978	127	120	22	1137.060
-1.047198	2.587733	0.232235	6	133	12	1137.009
-0.261799	1.948085	-2.363031	124	118	24	1136.718
-2.879793	1.741644	-2.695914	125	134	25	1136.621
2.617994	1.135813	-2.658866	12	7	31	1136.405
2.356194	2.664082	-1.071402	13	133	13	1136.242
2.356194	0.619654	-2.216909	124	118	19	1135.824
0.261799	2.343981	-1.040456	121	116	11	1135.625
-2.617994	1.413347	-1.339188	16	20	21	1135.535
-1.308997	1.574060	2.783565	13	134	20	1135.493
2.094395	0.203748	0.590255	4	0	20	1135.028
1.832596	1.658653	-2.409879	136	2	19	1135.027
1.308997	1.617114	-1.572037	127	114	18	1134.955
1.832596	1.756530	-2.105156	136	117	25	1134.867
-3.141593	0.379747	-1.713059	15	134	10	1134.760
0.523599	2.881233	-2.582574	7	132	20	1134.700
-3.141593	1.214854	-1.966664	11	8	27	1134.656
0.523599	0.929350	-2.910676	126	135	29	1134.417
0.261799	2.588535	-2.976617	9	134	25	1134.326
2.356194	0.640596	-2.797608	128	119	27	1134.249
1.308997	1.998705	2.370472	8	135	20	1134.039
2.356194	2.349581	-2.702517	24	13	20	1133.965
-1.308997	2.251330	-2.330739	138	2	21	1133.927
2.617994	2.104282	-0.813972	18	134	130	1133.897
-1.308997	1.545873	-1.877082	131	131	25	1133.855
-3.141593	2.299159	2.264663	13	13	24	1133.814
1.832596	0.910508	1.903534	136	5	23	1133.713
0.785398	2.637879	2.121598	20	21	11	1133.678
-1.832596	1.506530	1.988858	134	137	22	1133.451
-2.094395	2.180315	-1.357379	14	18	20	1133.439
-1.570796	1.440580	2.260026	124	115	24	1133.406
2.617994	0.640596	-2.797608	129	119	28	1133.341
-2.617994	1.135834	-1.431087	17	18	22	1133.299
0.261799	1.998705	2.370472	18	18	17	1132.989
-0.261799	1.699788	2.452890	0	133	25	1132.931
0.523599	2.033014	2.977192	18	132	20	1132.870
-2.879793	1.510910	-0.740472	16	21	16	1132.855
-2.617994	0.640596	-2.797608	125	126	23	1132.629
2.356194	1.736875	3.023612	137	139	27	1132.616
-2.879793	1.836682	-0.676006	16	22	13	1132.572
0.000000	1.433411	-1.035986	118	127	17	1132.446
-0.523599	1.617114	-1.572037	125	138	23	1132.360
-3.141593	1.696674	-1.253233	17	14	21	1132.140
0.785398	2.719179	-1.780644	129	117	21	1131.652
-1.570796	2.760637	2.781135	117	117	8	1131.556
2.356194	1.869911	2.701025	132	24	16	1131.399
0.000000	1.606104	-0.451151	120	120	10	1130.944
2.094395	1.756530	-2.105156	16	9	26	1130.925
-0.523599	2.164094	-2.991358	10	2	24	1130.620
0.261799	1.836682	-0.676006	122	117	11	1130.500
1.570796	1.506530	1.988858	20	20	19	1130.234
-1.047198	1.195355	1.200319	3	129	19	1130.036
-1.047198	0.992645	-1.723759	130	0	23	1129.070
2.617994	0.418037	1.360082	139	138	15	1128.887
0.000000	2.588535	-2.976617	6	135	25	1128.880
-1.047198	2.174483	2.653697	12	139	21	1128.745
-0.785398	0.640596	-2.797608	15	19	25	1128.663
2.094395	2.478122	2.609777	131	137	24	1128.423
-1.308997	1.440580	2.260026	137	136	24	1128.208
-1.047198	2.863997	0.549740	4	135	12	1127.747
-2.094395	1.766067	2.153843	130	2	18	1127.668
-1.832596	2.863997	0.549740	19	135	14	1127.665
-1.570796	1.870545	-2.976234	132	5	24	1127.436
-2.094395	1.569311	-3.003978	137	3	24	1127.122
2.617994	2.180315	-1.357379	20	11	18	1126.995
1.832596	2.588535	-2.976617	23	12	19	1126.933
2.617994	0.419640	2.974122	138	137	26	1126.918
-1.570796	1.948085	-2.363031	12	18	23	1126.859
2.356194	1.574060	2.783565	123	123	21	1126.615
0.785398	1.374601	-2.456031	123	135	22	1126.186
2.879793	1.569311	-3.003978	9	19	31	1125.990
2.094395	1.325504	-1.671296	21	134	17	1125.901
-2.356194	1.218453	2.777284	126	123	29	1125.809
-3.141593	1.948085	-2.363031	15	24	24	1125.569
1.570796	2.343981	-1.040456	16	133	10	1125.568
0.523599	2.295480	1.008277	12	135	2	1125.390
1.047198	2.637879	2.121598	11	133	6	1125.250
0.261799	0.992645	-1.723759	131	2	23	1125.230
-3.141593	2.664082	-1.071402	7	130	13	1125.034
0.000000	2.164094	-2.991358	7	139	28	1124.811
1.308997	0.961715	0.014085	13	131	0	1124.653
-1.832596	1.741644	-2.695914	139	4	25	1124.593
0.523599	1.617114	-1.572037	126	112	20	1124.438
-2.356194	1.050534	3.042579	135	119	30	1124.323
-2.617994	1.440580	2.260026	12	14	23	1124.179
-1.832596	0.418037	1.360082	122	111	16	1123.617
0.785398	1.617114	-1.572037	124	121	22	1123.124
1.047198	0.899350	-2.069907	125	116	24	1123.007
-0.523599	2.349581	-2.702517	6	3	25	1122.786
-2.617994	1.982574	-1.115518	16	19	19	1122.745
0.523599	0.618092	2.539118	136	1	26	1122.650
-1.308997	0.929350	-2.910676	16	12	28	1122.269
2.617994	1.756530	-2.105156	18	15	25	1121.929
-2.356194	0.914445	2.687814	4	129	14	1121.797
-2.094395	2.343981	-1.040456	23	19	9	1121.625
-2.879793	1.998705	2.370472	119	123	17	1121.331
1.570796	1.448123	-2.163292	130	117	25	1121.318
-3.141593	1.606104	-0.451151	17	18	13	1121.233
-2.356194	1.433411	-1.035986	16	19	19	1121.200
-2.356194	0.290380	-0.796960	16	20	21	1121.190
1.047198	1.450119	-2.739050	3	3	32	1121.006
1.570796	2.396274	-1.959260	19	5	19	1120.884
-2.094395	1.982574	-1.115518	17	19	14	1120.594
-2.879793	2.588535	-2.976617	124	138	22	1120.576
-2.617994	1.869911	2.701025	123	117	18	1120.182
-1.832596	2.164094	-2.991358	123	122	23	1119.431
1.308997	1.904882	-1.478089	128	113	18	1119.367
1.308997	0.850607	-1.335383	0	136	17	1119.347
0.261799	1.869911	2.701025	15	11	28	1119.309
-2.617994	2.396274	-1.959260	12	17	24	1119.226
1.832596	0.571433	-1.188419	15	129	9	1119.200
-1.308997	2.073035	2.027405	13	138	22	1119.146
1.308997	0.618092	2.539118	14	20	21	1119.089
-2.879793	1.050534	3.042579	126	121	27	1119.077
-2.094395	2.579248	-2.364801	130	2	23	1119.050
-0.261799	2.033014	2.977192	9	1	29	1118.860
-1.308997	2.393226	1.857173	11	131	20	1118.672
0.785398	1.696674	-1.253233	125	115	18	1118.239
-0.785398	1.128190	-2.288622	14	14	24	1118.054
-0.785398	1.948085	-2.363031	116	127	22	1118.046
-1.832596	0.379747	-1.713059	1	1	20	1118.041
-0.785398	2.251330	-2.330739	116	124	19	1117.339
0.000000	2.356369	3.005869	9	126	4	1116.804
-2.617994	1.325504	-1.671296	20	7	17	1116.770
1.570796	1.836682	-0.676006	13	132	11	1116.756
1.832596	0.700570	1.559208	139	8	23	1116.666
-1.832596	1.168678	2.108595	137	135	23	1116.650
1.570796	1.195355	1.200319	19	22	17	1116.550
1.047198	0.866395	-2.492918	133	138	25	1116.346
-2.094395	2.724429	-0.348782	8	132	10	1116.269
-2.094395	2.251330	-2.330739	17	21	16	1116.154
2.879793	0.866395	-2.492918	139	138	24	1116.076
-0.261799	0.899350	-2.069907	134	2	24	1116.057
-2.617994	2.063651	-2.044600	15	11	22	1115.635
0.261799	1.025536	1.576859	26	5	136	1115.503
0.000000	0.370812	-2.547742	17	21	12	1115.418
-1.570796	2.041297	-2.664597	123	124	24	1115.241
-2.617994	0.910508	1.903534	134	136	22	1114.983
-1.047198	1.448123	-2.163292	132	4	17	1114.972
-1.308997	1.756530	-2.105156	127	1	24	1114.941
-1.832596	2.592629	0.909713	15	132	13	1114.787
2.617994	1.134497	-1.109631	16	136	17	1114.781
-2.094395	2.174483	2.653697	136	0	22	1114.772
-1.570796	1.741644	-2.695914	120	134	25	1114.311
0.000000	1.904882	-1.478089	112	135	12	1114.212
-1.570796	2.164094	-2.991358	135	0	22	1114.200
-0.261799	0.591903	2.010408	22	8	23	1114.063
1.570796	1.391910	3.030322	14	13	30	1114.058
-2.879793	1.869911	2.701025	120	124	19	1113.873
0.785398	2.115563	0.685730	11	17	22	1113.683
-2.879793	1.242974	-2.977882	124	127	27	1113.575
1.832596	1.247695	1.809890	2	1	21	1113.308
-2.617994	2.073035	2.027405	117	119	10	1113.078
0.523599	1.194549	-0.801900	121	120	15	1112.976
0.261799	2.299159	2.264663	5	134	21	1112.778
-1.570796	0.080730	-2.622036	15	132	6	1112.462
1.047198	1.218453	2.777284	12	15	31	1112.112
-2.356194	2.153910	-1.714959	13	16	23	1111.905
1.832596	0.203748	0.590255	18	25	14	1111.890
0.523599	2.396274	-1.959260	129	118	22	1111.753
-1.047198	1.374601	-2.456031	133	4	19	1111.486
1.308997	2.719179	-1.780644	129	113	19	1111.262
-2.094395	0.914445	2.687814	4	131	13	1110.655
-0.523599	2.456751	-1.503343	114	138	14	1110.527
-1.570796	2.033014	2.977192	137	137	23	1110.284
0.523599	1.325504	-1.671296	122	125	23	1110.242
-0.261799	2.063651	-2.044600	122	119	21	1110.052
-0.261799	1.134497	-1.109631	119	132	20	1109.680
-3.141593	1.325504	-1.671296	13	11	26	1109.559
1.308997	2.104282	-0.813972	12	131	10	1109.472
-0.785398	2.704512	1.488683	129	119	22	1109.230
0.785398	0.992645	-1.723759	123	131	23	1108.571
0.785398	1.766067	2.153843	1	5	22	1108.271
-1.832596	1.025536	1.576859	135	136	20	1108.189
-0.523599	1.998705	2.370472	15	11	22	1108.144
-2.879793	2.108018	1.311430	107	0	138	1107.920
-1.570796	1.247695	1.809890	136	137	21	1107.873
1.570796	2.719179	-1.780644	11	132	18	1107.614
-0.523599	1.948085	-2.363031	117	124	22	1107.508
-1.308997	1.448123	-2.163292	134	136	25	1107.396
1.047198	1.135834	-1.431087	122	120	20	1107.363
1.570796	2.063651	-2.044600	12	133	23	1107.329
2.094395	2.979456	-1.009304	8	130	16	1107.091
0.785398	0.733948	3.021411	126	139	28	1106.877
1.570796	0.685216	-1.712745	129	113	22	1106.765
0.261799	1.134497	-1.109631	118	125	19	1106.651
2.356194	2.760637	2.781135	132	137	23	1106.417
0.523599	2.073035	2.027405	24	13	19	1106.341
-0.785398	1.214854	-1.966664	132	138	24	1106.336
-2.617994	1.218453	2.777284	122	121	24	1106.292
0.523599	0.910508	1.903534	2	6	22	1106.231
2.094395	2.033014	2.977192	10	133	10	1106.208
1.570796	0.591903	2.010408	16	21	18	1106.154
1.832596	2.396274	-1.959260	18	13	21	1106.071
-2.617994	2.104282	-0.813972	17	19	16	1106.056
-2.094395	1.450119	-2.739050	130	117	22	1105.898
2.094395	0.899350	-2.069907	131	110	8	1105.878
-1.570796	1.904882	-1.478089	11	29	14	1105.595
-0.261799	1.741644	-2.695914	125	115	25	1105.468
-0.261799	1.413347	-1.339188	119	130	21	1105.457
2.617994	1.050534	3.042579	4	6	32	1105.062
-1.570796	2.251330	-2.330739	139	138	21	1104.541
-2.879793	2.153910	-1.714959	24	10	17	1104.283
2.356194	2.108018	1.311430	8	20	21	1104.263
0.000000	1.545873	-1.877082	126	134	24	1104.036
1.832596	1.870545	-2.976234	4	0	24	1103.935
0.523599	1.741644	-2.695914	139	128	25	1103.665
2.617994	1.736875	3.023612	126	122	22	1103.645
2.094395	1.574060	2.783565	130	23	16	1103.447
0.000000	0.899350	-2.069907	125	5	18	1103.435
2.094395	2.174483	2.653697	125	0	22	1103.412
-2.356194	1.982574	-1.115518	18	19	14	1103.274
0.000000	2.063651	-2.044600	119	114	15	1103.159
2.617994	1.846342	-1.796954	23	10	19	1103.050
-2.356194	0.418037	1.360082	122	125	25	1102.874
1.308997	1.413347	-1.339188	2	133	13	1102.846
-3.141593	1.736875	3.023612	122	137	25	1102.803
-2.356194	0.615174	-0.666022	17	18	16	1102.683
-2.617994	1.242974	-2.977882	125	121	24	1102.501
-2.879793	1.450119	-2.739050	10	20	30	1102.394
1.047198	0.379747	-1.713059	137	133	19	1102.347
0.523599	2.356369	3.005869	18	10	21	1102.255
0.261799	1.909857	-0.381669	122	118	8	1102.194
1.570796	1.134497	-1.109631	18	8	19	1102.116
-2.094395	2.356369	3.005869	135	4	23	1102.086
2.879793	1.050534	3.042579	4	134	25	1102.062
2.617994	2.407836	1.410646	8	21	20	1101.894
-3.141593	2.396274	-1.959260	12	15	25	1101.599
-1.308997	1.325504	-1.671296	8	28	14	1101.303
2.879793	0.929350	-2.910676	131	120	29	1101.280
2.617994	2.592629	0.909713	121	124	18	1101.267
0.785398	2.356369	3.005869	22	8	19	1101.191
1.047198	2.104282	-0.813972	119	115	2	1100.865
-1.047198	0.418037	1.360082	127	111	8	1100.807
-0.785398	2.396274	-1.959260	123	122	21	1100.738
-2.094395	2.153910	-1.714959	13	18	23	1100.359
2.094395	1.948085	-2.363031	16	12	26	1100.308
0.261799	0.379747	-1.713059	114	120	16	1100.243
2.356194	2.356369	3.005869	19	22	13	1100.185
0.000000	1.325504	-1.671296	123	136	23	1099.967
-2.617994	0.297065	2.160177	137	134	22	1099.904
0.785398	0.615174	-0.666022	136	0	18	1099.585
0.785398	2.881233	-2.582574	12	131	21	1099.578
0.523599	2.984978	1.954446	13	126	2	1099.421
-2.879793	1.606104	-0.451151	16	20	12	1099.223
-1.308997	1.242974	-2.977882	13	22	20	1099.101
-2.879793	1.569311	-3.003978	3	0	24	1098.813
2.617994	2.637879	2.121598	10	15	26	1098.783
-2.617994	1.998705	2.370472	119	121	16	1098.765
-2.879793	1.247695	1.809890	13	7	22	1098.688
0.261799	1.732874	-0.951685	121	117	14	1098.616
1.308997	2.881233	-2.582574	1	117	22	1098.573
-2.094395	1.301460	-0.509251	7	28	12	1098.438
0.523599	0.733948	3.021411	12	25	15	1098.425
1.832596	1.450119	-2.739050	13	138	29	1098.393
2.356194	0.419640	2.974122	138	131	20	1098.372
1.047198	2.478122	2.609777	20	19	15	1098.090
1.308997	1.756530	-2.105156	139	127	24	1097.965
2.094395	0.370812	-2.547742	139	139	26	1097.889
2.879793	1.450119	-2.739050	12	17	31	1097.689
2.356194	1.982574	-1.115518	19	133	134	1097.532
1.047198	2.073035	2.027405	10	134	8	1097.201
-1.047198	1.869911	2.701025	138	131	23	1097.094
-1.832596	2.724429	-0.348782	7	132	12	1096.813
2.094395	1.450119	-2.739050	4	137	21	1096.768
-2.617994	2.041297	-2.664597	12	9	25	1096.665
0.785398	1.050534	3.042579	16	15	21	1096.098
2.879793	1.736875	3.023612	125	124	22	1096.054
-1.047198	1.242974	-2.977882	12	23	20	1095.894
-0.523599	2.579248	-2.364801	121	117	19	1095.853
-1.047198	0.733948	3.021411	12	132	6	1095.759
-2.879793	0.762244	-0.273349	18	18	13	1095.678
-1.832596	0.910508	1.903534	137	134	22	1095.645
1.570796	1.135813	-2.658866	16	1	27	1095.563
-0.523599	1.736875	3.023612	15	12	24	1095.402
0.785398	1.904882	-1.478089	126	114	19	1095.250
-2.617994	0.618092	2.539118	127	114	25	1095.196
0.785398	1.599406	1.426070	6	138	20	1095.083
2.356194	2.719179	-1.780644	7	129	15	1095.001
1.047198	0.419640	2.974122	129	130	29	1094.660
-1.047198	2.115563	0.685730	133	115	17	1094.362
2.879793	1.242974	-2.977882	1	1	24	1094.303
-1.832596	1.440580	2.260026	134	139	22	1094.290
1.832596	1.846342	-1.796954	13	132	20	1094.082
-1.832596	1.869911	2.701025	123	118	25	1093.828
-1.570796	1.756530	-2.105156	128	130	25	1093.772
-2.879793	1.982574	-1.115518	18	20	16	1093.304
-1.832596	1.247695	1.809890	13	12	23	1093.072
1.308997	0.866955	-0.931351	124	116	17	1092.922
-2.094395	1.574060	2.783565	117	123	23	1092.908
-2.879793	0.571433	-1.188419	21	8	18	1092.510
2.879793	2.456751	-1.503343	18	11	22	1092.316
-0.523599	2.299159	2.264663	6	110	9	1092.304
-2.879793	2.579248	-2.364801	137	133	23	1092.283
2.094395	0.906588	1.252948	120	128	18	1092.161
-1.047198	2.299159	2.264663	12	0	23	1091.992
1.047198	2.115563	0.685730	9	18	22	1091.841
1.570796	2.153910	-1.714959	10	131	19	1091.669
1.570796	1.756530	-2.105156	133	116	25	1091.559
-0.523599	1.413430	2.550734	16	16	20	1091.338
1.047198	0.640596	-2.797608	119	127	26	1091.273
0.523599	1.836682	-0.676006	124	115	11	1091.229
-1.832596	1.699788	2.452890	132	1	22	1091.046
-1.308997	1.135834	-1.431087	133	7	15	1090.969
-0.785398	2.863997	0.549740	17	13	21	1090.832
2.617994	0.850607	-1.335383	6	135	21	1090.452
2.094395	1.846342	-1.796954	18	8	23	1090.344
1.832596	1.732874	-0.951685	15	134	15	1090.186
-3.141593	0.419640	2.974122	126	113	23	1090.170
-3.141593	1.433411	-1.035986	18	19	19	1090.039
1.047198	1.374601	-2.456031	1	0	29	1090.032
1.570796	1.545873	-1.877082	5	138	24	1090.019
1.308997	2.343981	-1.040456	13	132	10	1089.931
-1.570796	1.050534	3.042579	4	137	28	1089.880
0.523599	1.870545	-2.976234	14	5	27	1089.849
-1.047198	1.756530	-2.105156	119	138	23	1089.811
-2.356194	0.458961	-0.107937	14	23	13	1089.594
1.832596	0.591903	2.010408	14	22	17	1089.401
1.047198	1.617114	-1.572037	133	114	22	1089.031
1.570796	2.033014	2.977192	2	136	25	1089.022
2.617994	1.448123	-2.163292	11	135	17	1088.989
1.570796	0.906588	1.252948	19	22	20	1088.952
2.617994	2.033014	2.977192	136	2	25	1088.895
0.523599	2.704512	1.488683	20	21	9	1088.878
1.570796	1.948085	-2.363031	3	131	23	1088.813
0.000000	0.709924	0.218797	15	14	18	1088.718
-0.523599	1.658653	-2.409879	10	6	25	1088.441
-1.308997	2.881233	-2.582574	134	5	21	1088.063
-3.141593	1.870545	-2.976234	122	130	23	1087.831
-1.308997	1.310100	1.488307	0	131	22	1087.530
2.617994	0.571433	-1.188419	16	133	8	1087.392
-0.523599	1.555207	1.708892	8	128	14	1087.384
2.617994	0.379747	-1.713059	22	135	17	1087.279
1.570796	2.251330	-2.330739	17	8	24	1087.165
2.879793	0.419640	2.974122	124	118	26	1086.875
-1.308997	0.992645	-1.723759	6	30	8	1086.851
0.785398	2.760637	2.781135	5	131	17	1086.501
-2.094395	0.674054	1.013609	116	116	12	1086.486
-0.785398	1.658653	-2.409879	10	6	25	1086.256
-2.879793	2.343981	-1.040456	18	21	13	1086.103
2.617994	1.869911	2.701025	131	3	26	1086.075
2.879793	0.618092	2.539118	119	124	25	1085.868
-1.570796	0.370812	-2.547742	22	14	21	1085.615
2.356194	0.685216	-1.712745	5	129	22	1085.577
2.617994	1.433411	-1.035986	16	133	137	1085.398
-2.094395	2.041297	-2.664597	122	127	23	1085.323
2.356194	1.433411	-1.035986	10	131	3	1085.101
-2.879793	2.033014	2.977192	120	127	21	1085.034
-2.094395	1.599406	1.426070	130	132	22	1084.846
-1.308997	1.135813	-2.658866	12	24	18	1084.728
0.261799	1.982574	-1.115518	121	116	14	1084.679
-0.261799	1.617114	-1.572037	124	134	23	1084.640
0.261799	2.664082	-1.071402	120	117	10	1084.376
-3.141593	0.685216	-1.712745	16	134	13	1084.245
2.879793	1.869911	2.701025	0	6	26	1083.884
0.000000	2.393226	1.857173	7	134	18	1083.753
-1.308997	1.134796	2.434290	123	123	25	1083.654
-2.094395	0.496451	0.593859	135	137	20	1083.488
-2.356194	2.396274	-1.959260	11	17	24	1083.082
1.832596	0.929350	-2.910676	3	138	28	1082.860
1.570796	0.379747	-1.713059	139	136	21	1082.656
0.261799	1.413347	-1.339188	119	125	20	1082.570
-2.356194	1.555207	1.708892	133	133	21	1082.326
1.832596	1.836682	-0.676006	16	134	11	1082.271
1.570796	1.168678	2.108595	137	3	22	1082.229
-1.047198	2.760637	2.781135	127	123	23	1082.041
1.047198	2.588535	-2.976617	18	10	22	1082.010
0.523599	2.478122	2.609777	19	13	20	1081.944
1.308997	0.419640	2.974122	128	130	29	1081.915
-0.261799	1.045978	0.343692	7	128	11	1081.807
-2.356194	2.164094	-2.991358	13	20	25	1081.734
1.047198	1.824694	1.850876	131	124	23	1081.694
-1.047198	2.396274	-1.959260	122	0	21	1081.344
2.617994	1.135834	-1.431087	22	17	16	1081.107
-0.261799	2.984978	1.954446	17	2	21	1080.933
0.261799	2.456751	-1.503343	125	116	19	1080.903
2.356194	1.413430	2.550734	136	4	25	1080.867
-2.879793	0.685216	-1.712745	12	134	19	1080.747
2.617994	1.242974	-2.977882	125	132	27	1080.737
-0.523599	1.214854	-1.966664	131	1	20	1080.705
-2.356194	0.733948	3.021411	11	130	14	1080.385
-1.570796	1.450119	-2.739050	17	13	23	1080.371
0.261799	2.063651	-2.044600	124	113	20	1080.186
1.832596	1.569311	-3.003978	13	1	30	1080.156
-1.832596	1.135813	-2.658866	15	6	25	1080.085
-0.261799	2.153910	-1.714959	114	126	16	1080.044
2.617994	1.982574	-1.115518	20	15	15	1079.875
-1.570796	1.699788	2.452890	139	133	24	1079.760
1.832596	2.104282	-0.813972	18	134	9	1079.725
0.000000	2.984978	1.954446	7	133	10	1079.273
1.832596	1.433411	-1.035986	14	134	17	1079.152
2.617994	1.413430	2.550734	137	4	24	1078.938
2.356194	1.696674	-1.253233	8	132	4	1078.849
-1.308997	1.741644	-2.695914	118	131	25	1078.745
-2.094395	0.418037	1.360082	123	123	25	1078.664
-2.879793	1.504028	0.636812	135	126	108	1078.561
0.000000	1.504028	0.636812	12	19	21	1078.412
1.308997	1.846342	-1.796954	5	132	20	1078.403
-2.094395	2.063651	-2.044600	14	19	23	1078.342
-2.879793	1.872854	1.543456	107	2	2	1078.153
-3.141593	0.297065	2.160177	110	135	5	1078.020
0.000000	1.184361	0.625864	5	134	16	1077.981
-1.832596	1.574060	2.783565	6	132	14	1077.976
0.523599	1.846342	-1.796954	120	127	21	1077.953
1.570796	1.569311	-3.003978	12	1	31	1077.911
-2.094395	1.683268	0.374177	125	121	17	1077.697
-1.832596	1.413430	2.550734	123	117	24	1077.688
-3.141593	0.290380	-0.796960	20	3	16	1077.687
2.879793	1.948085	-2.363031	15	19	27	1077.555
-2.617994	0.419640	2.974122	125	113	11	1077.492
1.047198	0.864993	2.278281	138	0	26	1077.081
0.523599	0.571433	-1.188419	136	134	21	1076.969
1.047198	2.299159	2.264663	10	133	13	1076.846
-3.141593	0.640596	-2.797608	1	139	25	1076.788
-1.832596	2.760637	2.781135	115	120	9	1076.786
-1.047198	2.041297	-2.664597	135	139	23	1076.781
-3.141593	2.174483	2.653697	134	31	21	1076.704
-1.308997	1.218453	2.777284	12	132	7	1076.703
2.094395	0.685216	-1.712745	19	134	19	1076.604
-1.570796	2.393226	1.857173	10	137	21	1076.283
-2.617994	1.766067	2.153843	135	134	22	1076.253
-2.617994	2.033014	2.977192	122	124	22	1076.186
-1.570796	2.478122	2.609777	5	1	24	1076.018
1.308997	2.664082	-1.071402	12	131	9	1075.357
1.047198	1.050534	3.042579	16	17	20	1075.255
1.832596	2.579248	-2.364801	8	130	16	1075.130
-1.570796	1.242974	-2.977882	15	21	20	1075.083
-0.261799	1.310100	1.488307	12	130	16	1075.003
2.356194	1.214854	-1.966664	5	136	19	1075.003
1.308997	0.866395	-2.492918	125	119	27	1074.914
1.832596	0.496451	0.593859	5	1	21	1074.763
-0.261799	2.396274	-1.959260	126	118	21	1074.756
1.570796	1.617114	-1.572037	8	1	24	1074.730
1.047198	0.418037	1.360082	18	25	17	1074.658
-3.141593	1.982574	-1.115518	18	15	18	1074.646
2.879793	0.733948	3.021411	126	122	28	1074.608
1.047198	1.310100	1.488307	19	24	16	1074.565
0.261799	0.418037	1.360082	22	139	139	1074.562
1.832596	0.419640	2.974122	1	12	31	1074.311
-0.523599	0.203748	0.590255	6	127	10	1074.274
-2.617994	0.685216	-1.712745	26	18	17	1074.239
1.308997	1.194549	-0.801900	3	133	15	1074.171
2.617994	0.866395	-2.492918	1	137	24	1074.099
1.047198	1.599406	1.426070	10	134	6	1073.992
0.785398	0.850607	-1.335383	121	127	21	1073.961
-1.832596	1.450119	-2.739050	139	4	28	1073.820
-1.570796	1.555207	1.708892	14	133	2	1073.542
-1.308997	1.168678	2.108595	1	133	23	1073.374
1.570796	1.413430	2.550734	1	0	25	1073.312
-0.785398	1.617114	-1.572037	126	139	23	1073.303
-0.261799	2.164094	-2.991358	4	0	28	1073.034
-0.523599	2.174483	2.653697	5	112	7	1072.933
0.261799	1.374601	-2.456031	8	13	28	1072.913
1.047198	2.984978	1.954446	19	24	9	1072.904
2.094395	2.587733	0.232235	113	122	6	1072.740
0.785398	0.379747	-1.713059	110	126	138	1072.643
-2.094395	1.135813	-2.658866	2	1	24	1072.401
-3.141593	2.164094	-2.991358	122	133	23	1072.327
2.356194	0.700570	1.559208	12	24	14	1071.916
-1.832596	2.979456	-1.009304	17	14	21	1071.563
-0.785398	0.458961	-0.107937	118	114	10	1071.340
-0.523599	2.588535	-2.976617	6	0	24	1071.250
0.261799	1.766067	2.153843	18	18	17	1071.049
-3.141593	2.979456	-1.009304	6	130	12	1071.006
-1.570796	1.506530	1.988858	136	136	21	1070.926
-2.094395	1.736875	3.023612	121	130	27	1070.767
-0.785398	1.014500	0.906702	2	132	18	1070.763
0.523599	0.709924	0.218797	134	127	21	1070.556
-1.047198	1.977582	0.969896	132	116	19	1070.528
0.523599	0.831641	0.616218	137	118	20	1070.469
-0.261799	0.419640	2.974122	14	23	25	1069.747
2.617994	1.214854	-1.966664	135	134	26	1069.630
2.356194	2.579248	-2.364801	18	16	22	1069.408
0.261799	0.571433	-1.188419	118	113	11	1069.398
1.308997	0.370812	-2.547742	129	0	23	1069.358
-1.308997	2.760637	2.781135	126	124	23	1069.293
-2.617994	1.413430	2.550734	1	134	24	1069.261
-2.879793	0.733948	3.021411	130	116	27	1069.201
0.261799	0.640596	-2.797608	124	139	27	1069.170
-2.356194	1.574060	2.783565	118	134	26	1069.007
-1.832596	1.870545	-2.976234	124	122	24	1069.002
-2.356194	2.063651	-2.044600	17	18	21	1068.780
0.785398	2.664082	-1.071402	125	115	16	1068.451
-1.047198	1.658653	-2.409879	135	135	25	1068.378
-0.261799	2.579248	-2.364801	125	125	23	1068.260
0.000000	2.174483	2.653697	13	127	5	1068.137
0.261799	0.899350	-2.069907	117	130	23	1068.000
2.879793	2.724429	-0.348782	11	130	12	1067.979
2.879793	1.982574	-1.115518	20	10	19	1067.949
-0.261799	0.080730	-2.622036	15	19	22	1067.742
-1.570796	0.733948	3.021411	21	3	27	1067.708
2.617994	1.696674	-1.253233	12	131	1	1067.527
-0.261799	2.456751	-1.503343	120	118	13	1067.516
2.879793	2.396274	-1.959260	18	16	22	1067.161
-1.308997	1.948085	-2.363031	1	3	24	1067.089
-2.356194	0.929350	-2.910676	2	122	29	1066.736
0.261799	1.846342	-1.796954	129	125	25	1066.712
-0.785398	2.041297	-2.664597	120	116	7	1066.621
-2.617994	1.433411	-1.035986	16	22	17	1066.519
0.523599	2.138223	1.678323	1	139	22	1066.300
0.261799	0.700570	1.559208	19	3	25	1066.285
0.000000	2.251330	-2.330739	125	113	21	1066.229
-0.785398	1.766067	2.153843	19	3	23	1066.115
1.308997	1.014500	0.906702	19	24	10	1065.921
0.785398	0.685216	-1.712745	124	115	22	1065.764
-1.047198	2.588535	-2.976617	115	123	17	1065.583
-2.879793	0.370812	-2.547742	20	135	21	1065.567
-0.261799	1.247695	1.809890	12	131	19	1065.457
0.785398	1.450119	-2.739050	136	138	27	1065.410
-2.094395	2.349581	-2.702517	8	15	26	1065.296
-2.356194	0.619654	-2.216909	12	134	21	1065.233
-0.523599	0.619654	-2.216909	14	18	22	1065.161
-2.879793	0.850607	-1.335383	23	15	132	1065.153
-1.832596	1.242974	-2.977882	13	2	26	1065.013
-0.261799	2.719179	-1.780644	114	121	11	1064.537
-0.785398	1.699788	2.452890	13	14	25	1064.182
-3.141593	0.899350	-2.069907	139	2	22	1064.143
-2.356194	2.041297	-2.664597	121	133	22	1064.016
-2.617994	0.571433	-1.188419	19	6	17	1063.838
-3.141593	2.251330	-2.330739	22	19	18	1063.627
0.261799	1.135834	-1.431087	109	134	5	1063.601
-1.047198	2.073035	2.027405	6	114	4	1063.455
-1.832596	1.413347	-1.339188	14	27	10	1063.343
-0.261799	0.619654	-2.216909	134	138	23	1063.342
1.047198	0.850607	-1.335383	120	126	20	1063.108
-2.094395	0.733948	3.021411	11	131	12	1062.881
0.261799	0.419640	2.974122	123	122	13	1062.794
1.570796	0.370812	-2.547742	134	137	24	1062.766
2.094395	1.696674	-1.253233	8	130	7	1062.706
-1.308997	1.506530	1.988858	138	133	23	1062.628
-0.785398	1.195355	1.200319	6	128	18	1062.487
2.094395	1.741644	-2.695914	5	137	24	1062.417
1.308997	1.869911	2.701025	7	134	21	1062.383
0.261799	2.979456	-1.009304	135	4	19	1062.289
0.261799	1.325504	-1.671296	133	105	139	1062.150
-0.785398	2.579248	-2.364801	120	122	21	1062.049
-3.141593	1.998705	2.370472	119	125	18	1061.992
2.356194	0.571433	-1.188419	13	131	9	1061.823
-2.356194	2.180315	-1.357379	15	18	21	1061.799
-0.785398	1.325504	-1.671296	0	3	24	1061.625
0.523599	0.640596	-2.797608	120	0	25	1061.359
2.617994	2.881233	-2.582574	20	24	10	1061.114
-3.141593	1.732874	-0.951685	18	17	16	1060.952
-0.261799	2.478122	2.609777	137	124	24	1060.916
2.356194	2.478122	2.609777	128	137	24	1060.767
1.832596	1.218453	2.777284	16	11	27	1060.458
-1.308997	1.413347	-1.339188	124	2	20	1060.037
1.832596	1.696674	-1.253233	4	132	9	1059.911
2.094395	2.579248	-2.364801	20	14	20	1059.515
-2.356194	2.073035	2.027405	118	117	9	1059.345
1.832596	1.736875	3.023612	6	136	24	1059.196
1.832596	1.025536	1.576859	15	23	21	1058.986
0.261799	0.458961	-0.107937	15	14	16	1058.766
-2.356194	2.979456	-1.009304	6	132	17	1058.637
0.785398	0.419640	2.974122	122	5	23	1058.521
-2.879793	2.719179	-1.780644	21	22	9	1058.442
1.047198	1.391910	3.030322	11	12	31	1058.391
1.570796	1.025536	1.576859	0	5	20	1058.315
-2.094395	1.812176	0.656819	124	122	18	1058.273
1.047198	0.733948	3.021411	132	128	30	1058.132
0.261799	0.850607	-1.335383	120	133	20	1058.098
0.000000	1.448123	-2.163292	119	131	25	1058.015
1.570796	0.700570	1.559208	139	5	22	1058.010
2.879793	0.850607	-1.335383	7	134	20	1057.981
-1.570796	0.674054	1.013609	122	111	11	1057.750
0.523599	1.696674	-1.253233	123	116	18	1057.433
0.000000	2.153910	-1.714959	125	119	21	1057.324
2.617994	1.128190	-2.288622	3	138	22	1057.264
0.261799	1.904882	-1.478089	116	125	17	1057.214
2.094395	0.992645	-1.723759	20	134	18	1057.005
-1.308997	2.724429	-0.348782	18	14	18	1056.639
-1.047198	0.496451	0.593859	0	130	19	1056.551
1.570796	2.180315	-1.357379	5	133	13	1056.304
-2.356194	0.297065	2.160177	16	8	20	1056.242
-1.570796	0.906588	1.252948	139	131	21	1056.169
1.570796	1.134796	2.434290	12	25	16	1055.381
0.785398	2.247462	0.191623	11	19	20	1055.318
1.570796	0.297065	2.160177	137	3	21	1055.278
1.832596	0.379747	-1.713059	16	15	12	1055.078
-2.879793	2.104282	-0.813972	17	22	11	1054.931
-0.523599	1.014500	0.906702	7	128	14	1054.785
2.356194	1.391910	3.030322	125	121	20	1054.780
-1.570796	1.134796	2.434290	128	117	27	1054.612
-1.308997	1.617114	-1.572037	7	29	15	1054.581
0.785398	2.396274	-1.959260	15	137	19	1054.343
0.523599	0.615174	-0.666022	0	133	19	1054.297
-2.617994	2.153910	-1.714959	12	18	25	1054.295
0.261799	1.870545	-2.976234	19	12	20	1054.246
0.000000	2.108018	1.311430	5	136	18	1054.069
-2.356194	0.960688	-0.577532	12	23	17	1054.055
-1.832596	1.569311	-3.003978	4	135	18	1053.942
-2.094395	0.831641	0.616218	125	20	10	1053.562
0.785398	0.929350	-2.910676	2	114	12	1053.121
1.832596	1.050534	3.042579	17	10	26	1053.080
2.879793	2.592629	0.909713	122	122	18	1052.791
-0.785398	2.719179	-1.780644	115	138	16	1052.700
0.000000	1.218453	2.777284	15	17	27	1052.629
-2.356194	1.606104	-0.451151	10	27	11	1052.573
-1.832596	2.153910	-1.714959	15	20	18	1051.926
0.523599	2.664082	-1.071402	120	116	11	1051.922
-0.785398	2.174483	2.653697	4	112	9	1051.903
2.617994	0.615174	-0.666022	24	12	128	1051.792
0.000000	2.579248	-2.364801	126	124	22	1051.556
-2.617994	2.704512	1.488683	136	4	22	1050.777
1.047198	0.618092	2.539118	16	19	21	1050.765
-1.308997	1.869911	2.701025	139	135	25	1050.749
2.879793	2.760637	2.781135	130	136	24	1050.653
1.570796	2.724429	-0.348782	113	120	8	1050.530
0.785398	1.732874	-0.951685	124	115	15	1050.475
0.785398	0.866395	-2.492918	134	138	25	1050.208
2.356194	2.588535	-2.976617	12	134	7	1050.034
1.308997	1.218453	2.777284	17	19	18	1049.722
-1.570796	2.592629	0.909713	18	134	13	1049.509
-1.570796	0.929350	-2.910676	18	9	28	1049.045
-0.523599	1.824694	1.850876	23	5	19	1049.014
1.570796	1.904882	-1.478089	11	0	23	1048.521
1.570796	1.413347	-1.339188	128	111	8	1048.516
-0.523599	0.864993	2.278281	13	127	6	1048.291
-0.523599	2.881233	-2.582574	115	118	8	1048.095
-2.879793	2.174483	2.653697	16	12	24	1048.074
-0.785398	0.496451	0.593859	7	126	11	1047.877
-2.879793	1.391910	3.030322	125	119	22	1047.863
-0.785398	2.760637	2.781135	129	121	23	1047.796
2.094395	1.982574	-1.115518	17	131	134	1047.682
-1.047198	1.872854	1.543456	128	129	22	1047.578
1.308997	0.297065	2.160177	0	32	20	1047.563
0.785398	1.135813	-2.658866	134	0	25	1047.523
2.094395	0.379747	-1.713059	15	17	12	1047.389
-1.047198	1.846342	-1.796954	127	130	24	1047.211
-1.570796	1.413347	-1.339188	127	3	20	1047.186
-0.785398	2.073035	2.027405	18	1	21	1047.144
2.879793	1.574060	2.783565	2	2	26	1047.047
-2.617994	2.404280	-0.174044	18	135	8	1047.018
-1.570796	0.203748	0.590255	118	114	13	1046.915
1.832596	1.417623	-0.202254	15	16	17	1046.878
1.570796	0.080730	-2.622036	133	137	21	1046.753
1.047198	1.433411	-1.035986	2	134	17	1046.744
-2.879793	0.960688	-0.577532	17	19	17	1046.654
-3.141593	1.242974	-2.977882	11	137	25	1046.490
0.000000	2.104282	-0.813972	121	118	11	1046.326
-1.308997	2.063651	-2.044600	122	127	22	1046.238
2.356194	1.413347	-1.339188	13	135	20	1045.631
-0.261799	0.685216	-1.712745	137	138	21	1045.609
0.261799	0.709924	0.218797	4	130	14	1045.498
1.308997	1.135813	-2.658866	4	138	28	1045.387
-1.832596	2.579248	-2.364801	136	1	21	1045.201
-2.094395	2.588535	-2.976617	126	132	25	1045.188
0.261799	2.033014	2.977192	9	128	10	1045.159
-3.141593	0.618092	2.539118	121	122	26	1045.115
-1.047198	1.168678	2.108595	1	134	23	1045.097
-2.617994	2.164094	-2.991358	122	128	23	1045.032
0.785398	0.618092	2.539118	135	139	28	1044.994
0.523599	2.456751	-1.503343	127	116	20	1044.930
-1.570796	1.569311	-3.003978	17	10	23	1044.386
-0.785398	1.904882	-1.478089	120	123	17	1044.319
-2.094395	1.218453	2.777284	128	121	29	1044.308
-2.617994	2.174483	2.653697	120	123	19	1044.272
-0.785398	1.736875	3.023612	1	138	27	1044.183
2.879793	0.866955	-0.931351	23	11	127	1044.173
1.832596	1.301460	-0.509251	3	130	16	1044.165
1.832596	2.180315	-1.357379	10	123	137	1044.129
2.879793	2.588535	-2.976617	134	134	24	1043.870
1.832596	0.458961	-0.107937	24	5	135	1043.846
2.094395	0.618092	2.539118	9	135	14	1043.729
-1.832596	2.063651	-2.044600	11	21	23	1043.614
1.047198	1.736875	3.023612	3	133	25	1043.596
1.308997	1.736875	3.023612	19	10	27	1043.413
-1.308997	2.592629	0.909713	130	118	21	1043.358
-0.523599	0.080730	-2.622036	12	27	15	1043.173
0.785398	1.242974	-2.977882	126	2	22	1043.082
-1.832596	1.134796	2.434290	125	117	26	1042.871
1.570796	1.554776	0.100351	15	15	18	1042.695
-1.832596	2.033014	2.977192	135	4	25	1042.673
-1.308997	1.569311	-3.003978	15	10	24	1042.621
2.879793	0.290380	-0.796960	23	16	18	1042.553
2.356194	1.195355	1.200319	120	127	19	1042.485
2.094395	1.310100	1.488307	13	25	17	1042.201
-2.617994	1.134796	2.434290	1	132	22	1042.031
-2.879793	1.413430	2.550734	123	117	17	1042.026
0.000000	0.203748	0.590255	4	132	18	1041.989
0.523599	0.419640	2.974122	11	26	19	1041.827
-1.570796	2.349581	-2.702517	3	138	23	1041.824
0.000000	1.194549	-0.801900	117	127	15	1041.784
1.832596	2.456751	-1.503343	20	3	17	1041.772
-2.879793	1.335669	0.897240	127	117	19	1041.757
-0.261799	2.637879	2.121598	22	3	16	1041.711
2.094395	1.134796	2.434290	14	19	24	1041.414
-2.094395	0.640596	-2.797608	10	130	7	1041.086
2.094395	1.050534	3.042579	128	124	30	1040.844
1.832596	1.948085	-2.363031	135	133	25	1040.788
1.570796	1.242974	-2.977882	6	1	30	1040.782
0.000000	2.180315	-1.357379	112	136	11	1040.668
2.617994	2.456751	-1.503343	24	3	13	1040.485
-1.308997	1.450119	-2.739050	11	8	27	1040.332
0.000000	0.640596	-2.797608	137	137	25	1040.250
-1.047198	2.295480	1.008277	130	116	18	1040.162
-0.785398	0.297065	2.160177	15	132	8	1040.060
0.261799	1.194549	-0.801900	118	123	15	1040.060
1.570796	1.696674	-1.253233	4	129	7	1039.967
2.356194	0.906588	1.252948	130	125	23	1039.775
-0.261799	1.184361	0.625864	3	135	16	1039.587
0.523599	1.555207	1.708892	130	125	22	1039.077
-0.785398	1.998705	2.370472	8	131	23	1039.039
-2.879793	1.696674	-1.253233	17	20	20	1038.807
2.356194	1.545873	-1.877082	17	10	26	1038.451
1.570796	1.869911	2.701025	1	30	15	1038.365
-0.261799	0.203748	0.590255	10	127	9	1038.354
-0.785398	1.168678	2.108595	6	131	22	1038.294
-2.094395	1.869911	2.701025	116	127	24	1038.268
2.094395	0.080730	-2.622036	136	138	23	1038.265
1.832596	1.242974	-2.977882	7	0	30	1038.245
-0.523599	1.184361	0.625864	9	126	5	1038.057
1.308997	2.456751	-1.503343	126	114	17	1037.978
2.094395	2.153910	-1.714959	15	12	24	1037.793
2.094395	0.458961	-0.107937	12	130	8	1037.629
-0.785398	2.295480	1.008277	125	120	17	1037.629
-2.617994	2.349581	-2.702517	138	34	15	1037.602
-2.356194	2.379497	0.561089	12	132	9	1037.378
2.356194	1.218453	2.777284	136	1	26	1037.042
1.570796	0.866955	-0.931351	18	8	21	1036.717
2.879793	1.617114	-1.572037	15	13	24	1036.443
-1.570796	0.910508	1.903534	0	133	21	1036.377
-2.094395	1.732874	-0.951685	19	18	14	1036.229
-0.261799	1.504028	0.636812	0	1	19	1035.945
0.261799	0.733948	3.021411	130	136	29	1035.834
-0.523599	2.356369	3.005869	5	137	27	1035.726
-1.047198	1.391910	3.030322	3	0	28	1035.679
1.832596	2.153910	-1.714959	14	132	19	1035.676
2.617994	0.290380	-0.796960	23	20	14	1035.553
-2.356194	2.456751	-1.503343	15	18	21	1035.490
2.356194	2.033014	2.977192	20	22	16	1035.417
-3.141593	2.588535	-2.976617	134	0	26	1035.194
-1.570796	2.356369	3.005869	113	122	15	1035.177
2.617994	0.910508	1.903534	131	9	13	1035.051
-1.308997	1.998705	2.370472	11	132	17	1034.940
-2.617994	0.290380	-0.796960	0	2	20	1034.821
-1.832596	0.866955	-0.931351	134	4	17	1034.544
-2.094395	1.555207	1.708892	132	134	23	1034.275
-1.570796	2.180315	-1.357379	14	22	17	1034.191
0.000000	0.496451	0.593859	3	131	17	1034.186
-1.047198	1.574060	2.783565	13	16	23	1034.173
0.523599	1.766067	2.153843	128	122	21	1033.772
-2.617994	2.456751	-1.503343	13	18	22	1033.561
-2.356194	2.299159	2.264663	117	119	10	1033.326
-2.356194	2.033014	2.977192	122	122	22	1033.234
1.047198	2.881233	-2.582574	14	139	22	1033.124
1.047198	1.569311	-3.003978	18	139	26	1033.104
-1.570796	1.846342	-1.796954	10	28	19	1032.998
-0.785398	1.824694	1.850876	18	6	23	1032.976
-1.832596	2.404280	-0.174044	8	132	9	1032.820
2.356194	0.674054	1.013609	123	123	17	1032.582
-2.094395	2.979456	-1.009304	22	21	8	1032.508
1.570796	2.456751	-1.503343	129	113	17	1032.386
-3.141593	1.510910	-0.740472	18	18	16	1032.242
-1.308997	2.637879	2.121598	9	138	22	1032.213
1.570796	0.929350	-2.910676	138	4	31	1032.207
-3.141593	2.407836	1.410646	123	121	19	1031.964
2.879793	1.025536	1.576859	11	17	20	1031.798
0.000000	1.846342	-1.796954	116	116	12	1031.779
-3.141593	1.413430	2.550734	122	121	18	1031.480
-2.879793	2.984978	1.954446	135	2	19	1031.428
-2.617994	2.664082	-1.071402	7	129	15	1031.043
-2.617994	1.417623	-0.202254	12	24	9	1031.003
-1.047198	1.617114	-1.572037	119	138	21	1030.940
-0.785398	1.977582	0.969896	134	116	19	1030.826
0.523599	0.418037	1.360082	14	134	15	1030.703
2.617994	2.343981	-1.040456	7	132	12	1030.501
-1.832596	1.599406	1.426070	130	131	22	1030.488
1.570796	1.433411	-1.035986	12	129	3	1030.484
2.094395	0.866955	-0.931351	9	131	16	1030.369
-3.141593	0.370812	-2.547742	11	130	10	1030.280
-1.832596	0.914445	2.687814	127	128	28	1030.117
2.879793	0.640596	-2.797608	8	2	30	1030.075
-1.308997	1.824694	1.850876	123	110	12	1029.928
1.308997	0.571433	-1.188419	137	139	17	1029.875
0.261799	1.440580	2.260026	16	22	16	1029.766
-3.141593	1.766067	2.153843	130	10	15	1029.607
-1.308997	1.872854	1.543456	127	130	21	1029.598
0.523599	1.135813	-2.658866	135	134	25	1029.457
2.094395	2.356369	3.005869	129	0	23	1029.384
1.570796	0.290380	-0.796960	7	133	20	1028.999
-2.879793	2.164094	-2.991358	124	135	24	1028.909
-0.261799	0.831641	0.616218	14	14	20	1028.827
-0.261799	0.700570	1.559208	18	131	139	1028.818
0.523599	2.153910	-1.714959	120	126	20	1028.661
-2.879793	0.591903	2.010408	134	135	23	1028.511
0.000000	2.863997	0.549740	11	135	1	1028.424
-0.785398	2.587733	0.232235	18	15	18	1028.395
1.047198	2.379497	0.561089	11	18	22	1028.331
2.617994	1.247695	1.809890	11	24	15	1027.983
-2.879793	2.041297	-2.664597	132	1	26	1027.926
-0.785398	1.846342	-1.796954	126	136	24	1027.809
1.570796	1.113094	-0.272241	11	130	4	1027.314
-1.047198	0.850607	-1.335383	131	2	19	1027.088
0.261799	0.685216	-1.712745	114	118	15	1027.030
2.356194	2.299159	2.264663	123	136	22	1026.897
-1.047198	0.700570	1.559208	122	115	13	1026.873
-1.832596	2.251330	-2.330739	139	0	21	1026.746
0.261799	1.335669	0.897240	0	139	19	1026.654
1.308997	0.864993	2.278281	138	0	26	1026.361
0.785398	0.458961	-0.107937	134	129	22	1026.301
-0.523599	2.108018	1.311430	125	121	18	1025.988
0.523599	2.760637	2.781135	2	120	23	1025.959
2.356194	1.662363	0.915448	125	135	21	1025.821
2.617994	1.732874	-0.951685	19	13	16	1025.684
-1.832596	0.733948	3.021411	9	133	15	1025.191
-0.785398	1.869911	2.701025	10	14	27	1025.135
-2.879793	2.349581	-2.702517	2	34	15	1025.104
1.570796	1.736875	3.023612	19	13	27	1025.007
2.094395	1.658653	-2.409879	14	10	29	1024.931
-1.308997	0.906588	1.252948	0	130	19	1024.926
-1.047198	0.458961	-0.107937	130	22	11	1024.833
-2.094395	2.456751	-1.503343	13	19	22	1024.528
-0.785398	2.063651	-2.044600	114	129	19	1024.419
2.094395	1.836682	-0.676006	10	131	1	1024.244
-2.356194	2.455966	-0.641220	17	17	17	1024.197
-0.785398	0.618092	2.539118	24	6	24	1024.081
-1.047198	2.033014	2.977192	135	137	25	1023.752
0.523599	2.393226	1.857173	20	20	11	1023.357
2.617994	2.108018	1.311430	14	16	16	1023.286
1.832596	0.615174	-0.666022	11	131	6	1023.188
-0.785398	0.914445	2.687814	16	8	29	1023.060
2.617994	1.440580	2.260026	132	7	21	1022.934
0.785398	0.418037	1.360082	21	22	17	1022.871
1.308997	1.982574	-1.115518	2	133	11	1022.833
0.785398	1.488617	1.159546	132	135	21	1022.818
1.047198	1.977582	0.969896	8	17	24	1022.656
1.308997	0.700570	1.559208	15	27	19	1022.581
1.570796	1.417623	-0.202254	15	14	18	1022.459
-0.785398	0.591903	2.010408	16	130	3	1022.395
-1.832596	0.297065	2.160177	13	17	16	1022.275
1.308997	0.640596	-2.797608	134	139	25	1022.202
2.094395	2.637879	2.121598	128	138	23	1022.199
-1.047198	2.356369	3.005869	7	1	23	1022.098
0.523599	1.998705	2.370472	3	138	24	1022.054
-0.523599	1.699788	2.452890	16	13	21	1021.837
-3.141593	1.045978	0.343692	15	19	13	1021.681
-1.832596	1.696674	-1.253233	127	5	18	1021.675
-1.832596	1.736875	3.023612	135	3	26	1021.506
-1.308997	1.195355	1.200319	1	129	21	1021.491
0.785398	0.906588	1.252948	22	21	15	1021.491
-2.094395	1.050534	3.042579	5	134	16	1021.422
1.308997	0.929350	-2.910676	134	1	29	1021.018
2.617994	2.588535	-2.976617	135	134	24	1020.719
-1.308997	0.290380	-0.796960	122	130	25	1020.524
1.832596	1.310100	1.488307	17	23	17	1020.372
-2.356194	1.506530	1.988858	132	139	19	1020.362
1.308997	0.203748	0.590255	16	133	139	1020.293
2.879793	2.138223	1.678323	14	16	18	1020.232
1.047198	1.872854	1.543456	11	134	5	1020.006
-1.570796	1.413430	2.550734	124	118	26	1019.927
-1.832596	1.846342	-1.796954	14	21	19	1019.915
-1.570796	2.863997	0.549740	23	139	14	1019.746
2.617994	2.299159	2.264663	124	132	24	1019.362
2.094395	2.704512	1.488683	10	17	25	1019.150
2.879793	2.033014	2.977192	124	2	23	1018.734
-0.523599	2.637879	2.121598	21	1	15	1018.669
-2.094395	2.164094	-2.991358	134	4	21	1018.661
-2.879793	0.640596	-2.797608	12	131	13	1018.494
-1.832596	2.588535	-2.976617	135	5	22	1018.422
2.617994	1.545873	-1.877082	12	131	4	1018.103
2.879793	1.135834	-1.431087	13	123	137	1017.653
-1.570796	1.617114	-1.572037	124	1	21	1017.628
2.094395	1.195355	1.200319	14	24	16	1017.559
1.047198	0.297065	2.160177	130	10	20	1017.489
-1.308997	1.413430	2.550734	120	123	24	1017.176
2.356194	0.615174	-0.666022	24	8	128	1016.680
-1.308997	0.864993	2.278281	124	115	15	1016.235
1.308997	1.134497	-1.109631	126	111	5	1015.866
-3.141593	1.135834	-1.431087	22	19	18	1015.700
-3.141593	1.413347	-1.339188	22	14	19	1015.675
-2.094395	1.433411	-1.035986	130	6	18	1015.380
0.261799	1.617114	-1.572037	133	104	137	1015.347
-0.261799	0.290380	-0.796960	117	115	12	1015.126
0.261799	2.174483	2.653697	139	132	25	1014.526
-1.047198	2.579248	-2.364801	118	119	11	1014.455
-2.094395	1.606104	-0.451151	8	28	11	1014.366
-2.617994	1.699788	2.452890	123	115	16	1014.323
-2.879793	0.419640	2.974122	127	111	18	1014.257
1.832596	0.640596	-2.797608	122	129	27	1014.205
2.617994	0.674054	1.013609	125	121	17	1014.177
-1.570796	1.824694	1.850876	2	111	3	1014.121
-0.261799	2.393226	1.857173	127	119	19	1013.874
-2.617994	2.863997	0.549740	10	130	14	1013.579
-2.094395	1.195355	1.200319	134	136	21	1012.784
0.523599	0.458961	-0.107937	4	130	15	1012.739
-1.047198	1.569311	-3.003978	13	139	23	1012.676
-1.047198	1.506530	1.988858	0	133	23	1012.598
2.879793	1.218453	2.777284	137	138	26	1012.389
0.785398	0.080730	-2.622036	124	128	27	1012.344
0.785398	0.619654	-2.216909	128	139	23	1012.305
-0.261799	0.496451	0.593859	15	15	17	1012.250
0.785398	2.108018	1.311430	11	135	4	1012.194
-2.617994	1.909857	-0.381669	14	23	10	1012.149
1.308997	1.134796	2.434290	7	135	13	1012.127
2.879793	1.433411	-1.035986	25	0	5	1012.020
2.094395	2.343981	-1.040456	9	132	11	1011.982
-2.879793	2.407836	1.410646	115	120	5	1011.973
-2.879793	1.440580	2.260026	120	118	13	1011.806
1.832596	2.356369	3.005869	7	137	22	1011.282
-1.570796	2.299159	2.264663	7	138	23	1010.899
1.570796	2.115563	0.685730	14	16	19	1010.815
0.000000	0.591903	2.010408	10	134	21	1010.508
0.261799	2.073035	2.027405	20	16	15	1010.472
1.832596	1.741644	-2.695914	16	138	27	1010.396
1.308997	0.591903	2.010408	136	2	25	1010.367
-1.570796	0.297065	2.160177	16	131	20	1010.343
2.094395	1.766067	2.153843	1	4	25	1010.042
-3.141593	1.014500	0.906702	139	137	17	1010.024
0.261799	0.203748	0.590255	17	0	25	1009.579
-2.617994	2.356369	3.005869	119	132	22	1009.563
1.832596	2.343981	-1.040456	7	128	7	1009.409
1.047198	1.696674	-1.253233	133	112	19	1009.232
1.570796	0.831641	0.616218	21	21	17	1008.932
1.832596	1.391910	3.030322	15	16	29	1008.931
-1.832596	2.881233	-2.582574	124	138	22	1008.919
-1.570796	1.545873	-1.877082	8	29	8	1008.854
2.094395	2.588535	-2.976617	24	20	12	1008.392
-0.523599	1.982574	-1.115518	120	122	14	1008.019
1.308997	0.674054	1.013609	20	24	13	1007.931
0.523599	1.824694	1.850876	130	123	22	1007.929
-1.047198	2.063651	-2.044600	127	126	25	1007.856
-2.094395	2.587733	0.232235	20	136	10	1007.842
-2.094395	1.617114	-1.572037	130	4	21	1007.837
0.000000	2.343981	-1.040456	119	119	11	1007.818
-1.308997	0.914445	2.687814	18	137	23	1007.697
-3.141593	2.073035	2.027405	11	16	23	1007.436
-1.047198	0.866955	-0.931351	116	124	15	1007.284
2.617994	0.700570	1.559208	11	16	22	1006.969
0.000000	2.407836	1.410646	16	11	24	1006.827
-1.047198	1.741644	-2.695914	4	12	30	1006.789
1.832596	0.619654	-2.216909	132	5	16	1006.289
1.570796	2.979456	-1.009304	129	115	19	1005.969
-2.617994	2.393226	1.857173	115	119	6	1005.935
0.523599	0.080730	-2.622036	124	131	27	1005.772
-3.141593	1.569311	-3.003978	125	124	24	1005.760
-3.141593	2.719179	-1.780644	24	8	19	1005.512
-1.308997	2.299159	2.264663	10	139	24	1005.448
2.879793	1.696674	-1.253233	19	11	21	1005.222
-2.094395	2.379497	0.561089	15	133	9	1004.934
-2.356194	1.766067	2.153843	129	5	18	1003.758
-2.094395	2.073035	2.027405	119	114	9	1003.746
-1.570796	2.588535	-2.976617	118	121	17	1003.053
-1.832596	1.904882	-1.478089	15	20	16	1002.941
-2.356194	2.349581	-2.702517	8	17	27	1002.795
-1.570796	1.488617	1.159546	130	129	22	1002.772
2.356194	2.174483	2.653697	133	25	16	1002.528
-1.308997	2.349581	-2.702517	135	4	23	1002.481
1.308997	1.812176	0.656819	14	15	19	1002.423
-2.094395	2.637879	2.121598	117	116	7	1002.179
-0.261799	2.299159	2.264663	5	106	10	1001.906
-1.832596	2.299159	2.264663	120	112	12	1001.689
-1.570796	1.194549	-0.801900	122	123	15	1001.660
-2.879793	1.135834	-1.431087	15	6	23	1001.497
-2.879793	1.134497	-1.109631	19	17	20	1001.464
1.570796	1.721184	-0.153948	17	136	6	1001.267
-2.879793	1.870545	-2.976234	122	128	23	1001.227
1.308997	2.979456	-1.009304	126	117	19	1001.000
-1.047198	2.153910	-1.714959	122	129	23	1000.992
-1.308997	0.674054	1.013609	139	131	19	1000.989
-1.570796	2.138223	1.678323	13	133	2	1000.911
-0.523599	0.496451	0.593859	8	127	6	1000.896
2.094395	1.413430	2.550734	0	139	24	1000.882
-2.356194	1.732874	-0.951685	13	28	5	1000.825
2.617994	0.370812	-2.547742	123	121	23	1000.789
-2.094395	0.290380	-0.796960	1	137	15	1000.682
-2.094395	2.396274	-1.959260	14	19	22	1000.531
-2.879793	1.184361	0.625864	121	126	18	1000.456
0.000000	1.135834	-1.431087	120	130	22	1000.288
-1.832596	1.982574	-1.115518	15	19	17	1000.134
2.879793	2.108018	1.311430	14	17	15	1000.014
-1.308997	2.863997	0.549740	26	3	13	999.983
-1.308997	0.458961	-0.107937	132	25	12	999.911
0.000000	2.881233	-2.582574	129	118	22	999.737
1.308997	1.741644	-2.695914	134	139	21	999.697
2.617994	0.914445	2.687814	122	128	29	999.590
1.047198	0.674054	1.013609	23	21	13	999.563
2.879793	0.370812	-2.547742	125	113	12	999.541
0.523599	0.685216	-1.712745	110	128	138	999.272
-1.832596	1.998705	2.370472	116	115	11	999.236
2.879793	1.413347	-1.339188	20	21	12	999.137
1.832596	0.733948	3.021411	123	125	28	999.062
0.523599	2.115563	0.685730	14	16	22	999.058
-1.308997	0.591903	2.010408	16	131	21	998.995
0.000000	1.662363	0.915448	13	12	23	998.836
-1.570796	2.343981	-1.040456	16	27	10	998.651
-1.047198	2.251330	-2.330739	135	0	22	998.529
-2.617994	1.168678	2.108595	15	9	21	998.437
0.785398	1.872854	1.543456	133	126	23	998.421
0.523599	0.619654	-2.216909	127	4	20	998.171
-0.523599	1.325504	-1.671296	109	139	11	998.081
-1.570796	2.587733	0.232235	25	4	8	998.056
-2.094395	0.864993	2.278281	125	116	25	997.758
1.832596	0.866955	-0.931351	1	134	20	997.454
1.570796	1.606104	-0.451151	16	15	15	997.343
-3.141593	2.579248	-2.364801	139	131	23	997.271
-0.523599	2.153910	-1.714959	115	129	18	997.170
-1.047198	1.218453	2.777284	122	124	25	997.093
0.523599	0.866955	-0.931351	121	117	18	996.914
2.094395	1.488617	1.159546	14	24	13	996.295
2.094395	0.290380	-0.796960	8	135	19	996.271
0.785398	1.247695	1.809890	1	5	22	996.253
1.308997	1.413430	2.550734	7	135	13	996.239
0.785398	1.977582	0.969896	10	16	24	996.146
2.617994	1.014500	0.906702	129	127	23	995.584
1.308997	1.025536	1.576859	20	19	22	995.554
2.356194	2.393226	1.857173	8	14	26	995.430
1.832596	0.864993	2.278281	17	13	22	995.403
0.785398	2.104282	-0.813972	123	117	14	995.380
2.879793	1.014500	0.906702	134	0	18	995.359
1.832596	1.555207	1.708892	0	5	24	995.084
-1.570796	1.168678	2.108595	136	139	23	994.919
2.094395	1.413347	-1.339188	17	4	22	994.914
-1.047198	0.685216	-1.712745	132	1	22	994.796
