[++] Predicted binding affinity (kcal.mol-1):    -11.5
[++] Predicted dissociation constant (M) at 25.0˚C:  3.7e-09
prot-prot-docking_1_pose_11.pdb
[+] Reading structure file: /home/user/Documents/iGem2020Uppsala/structures/Docking_structures/maestro_dock/prot-prot-docking_1_pose_11.pdb
[++] Predicted binding affinity (kcal.mol-1):    -12.6
[++] Predicted dissociation constant (M) at 25.0˚C:  5.4e-10
prot-prot-docking_1_pose_12.pdb
[+] Reading structure file: /home/user/Documents/iGem2020Uppsala/structures/Docking_structures/maestro_dock/prot-prot-docking_1_pose_12.pdb
[++] Predicted binding affinity (kcal.mol-1):    -13.3
[++] Predicted dissociation constant (M) at 25.0˚C:  1.9e-10
prot-prot-docking_1_pose_13.pdb
[+] Reading structure file: /home/user/Documents/iGem2020Uppsala/structures/Docking_structures/maestro_dock/prot-prot-docking_1_pose_13.pdb
[++] Predicted binding affinity (kcal.mol-1):    -11.6
[++] Predicted dissociation constant (M) at 25.0˚C:  2.9e-09
prot-prot-docking_1_pose_14.pdb
[+] Reading structure file: /home/user/Documents/iGem2020Uppsala/structures/Docking_structures/maestro_dock/prot-prot-docking_1_pose_14.pdb
[++] Predicted binding affinity (kcal.mol-1):    -16.7
[++] Predicted dissociation constant (M) at 25.0˚C:  5.4e-13
prot-prot-docking_1_pose_15.pdb
[+] Reading structure file: /home/user/Documents/iGem2020Uppsala/structures/Docking_structures/maestro_dock/prot-prot-docking_1_pose_15.pdb
[++] Predicted binding affinity (kcal.mol-1):    -12.3
[++] Predicted dissociation constant (M) at 25.0˚C:  1.0e-09
prot-prot-docking_1_pose_16.pdb
[+] Reading structure file: /home/user/Documents/iGem2020Uppsala/structures/Docking_structures/maestro_dock/prot-prot-docking_1_pose_16.pdb
[++] Predicted binding affinity (kcal.mol-1):    -10.5
[++] Predicted dissociation constant (M) at 25.0˚C:  2.1e-08
prot-prot-docking_1_pose_17.pdb
[+] Reading structure file: /home/user/Documents/iGem2020Uppsala/structures/Docking_structures/maestro_dock/prot-prot-docking_1_pose_17.pdb
[++] Predicted binding affinity (kcal.mol-1):    -10.4
[++] Predicted dissociation constant (M) at 25.0˚C:  2.5e-08
prot-prot-docking_1_pose_18.pdb
[+] Reading structure file: /home/user/Documents/iGem2020Uppsala/structures/Docking_structures/maestro_dock/prot-prot-docking_1_pose_18.pdb
[++] Predicted binding affinity (kcal.mol-1):    -14.6
[++] Predicted dissociation constant (M) at 25.0˚C:  2.0e-11
prot-prot-docking_1_pose_19.pdb
[+] Reading structure file: /home/user/Documents/iGem2020Uppsala/structures/Docking_structures/maestro_dock/prot-prot-docking_1_pose_19.pdb
[++] Predicted binding affinity (kcal.mol-1):    -13.7
[++] Predicted dissociation constant (M) at 25.0˚C:  8.8e-11
prot-prot-docking_1_pose_1.pdb
[+] Reading structure file: /home/user/Documents/iGem2020Uppsala/structures/Docking_structures/maestro_dock/prot-prot-docking_1_pose_1.pdb
[++] Predicted binding affinity (kcal.mol-1):    -13.3
[++] Predicted dissociation constant (M) at 25.0˚C:  1.8e-10
prot-prot-docking_1_pose_20.pdb
[+] Reading structure file: /home/user/Documents/iGem2020Uppsala/structures/Docking_structures/maestro_dock/prot-prot-docking_1_pose_20.pdb
[++] Predicted binding affinity (kcal.mol-1):    -13.2
[++] Predicted dissociation constant (M) at 25.0˚C:  2.0e-10
prot-prot-docking_1_pose_21.pdb
[+] Reading structure file: /home/user/Documents/iGem2020Uppsala/structures/Docking_structures/maestro_dock/prot-prot-docking_1_pose_21.pdb
[++] Predicted binding affinity (kcal.mol-1):    -13.8
[++] Predicted dissociation constant (M) at 25.0˚C:  7.3e-11
prot-prot-docking_1_pose_22.pdb
[+] Reading structure file: /home/user/Documents/iGem2020Uppsala/structures/Docking_structures/maestro_dock/prot-prot-docking_1_pose_22.pdb
[++] Predicted binding affinity (kcal.mol-1):    -12.2
[++] Predicted dissociation constant (M) at 25.0˚C:  1.1e-09
prot-prot-docking_1_pose_23.pdb
[+] Reading structure file: /home/user/Documents/iGem2020Uppsala/structures/Docking_structures/maestro_dock/prot-prot-docking_1_pose_23.pdb
[++] Predicted binding affinity (kcal.mol-1):    -12.1
[++] Predicted dissociation constant (M) at 25.0˚C:  1.3e-09
prot-prot-docking_1_pose_24.pdb
[+] Reading structure file: /home/user/Documents/iGem2020Uppsala/structures/Docking_structures/maestro_dock/prot-prot-docking_1_pose_24.pdb
[++] Predicted binding affinity (kcal.mol-1):    -12.4
[++] Predicted dissociation constant (M) at 25.0˚C:  7.5e-10
prot-prot-docking_1_pose_25.pdb
[+] Reading structure file: /home/user/Documents/iGem2020Uppsala/structures/Docking_structures/maestro_dock/prot-prot-docking_1_pose_25.pdb
[++] Predicted binding affinity (kcal.mol-1):    -10.5
[++] Predicted dissociation constant (M) at 25.0˚C:  2.1e-08
prot-prot-docking_1_pose_26.pdb
[+] Reading structure file: /home/user/Documents/iGem2020Uppsala/structures/Docking_structures/maestro_dock/prot-prot-docking_1_pose_26.pdb
[++] Predicted binding affinity (kcal.mol-1):    -12.7
[++] Predicted dissociation constant (M) at 25.0˚C:  4.7e-10
prot-prot-docking_1_pose_27.pdb
[+] Reading structure file: /home/user/Documents/iGem2020Uppsala/structures/Docking_structures/maestro_dock/prot-prot-docking_1_pose_27.pdb
[++] Predicted binding affinity (kcal.mol-1):    -10.6
[++] Predicted dissociation constant (M) at 25.0˚C:  1.7e-08
prot-prot-docking_1_pose_28.pdb
[+] Reading structure file: /home/user/Documents/iGem2020Uppsala/structures/Docking_structures/maestro_dock/prot-prot-docking_1_pose_28.pdb
[++] Predicted binding affinity (kcal.mol-1):    -12.7
[++] Predicted dissociation constant (M) at 25.0˚C:  5.2e-10
prot-prot-docking_1_pose_29.pdb
[+] Reading structure file: /home/user/Documents/iGem2020Uppsala/structures/Docking_structures/maestro_dock/prot-prot-docking_1_pose_29.pdb
[++] Predicted binding affinity (kcal.mol-1):     -9.2
[++] Predicted dissociation constant (M) at 25.0˚C:  1.7e-07
prot-prot-docking_1_pose_2.pdb
[+] Reading structure file: /home/user/Documents/iGem2020Uppsala/structures/Docking_structures/maestro_dock/prot-prot-docking_1_pose_2.pdb
[++] Predicted binding affinity (kcal.mol-1):    -14.4
[++] Predicted dissociation constant (M) at 25.0˚C:  2.6e-11
prot-prot-docking_1_pose_30.pdb
[+] Reading structure file: /home/user/Documents/iGem2020Uppsala/structures/Docking_structures/maestro_dock/prot-prot-docking_1_pose_30.pdb
[++] Predicted binding affinity (kcal.mol-1):    -11.9
[++] Predicted dissociation constant (M) at 25.0˚C:  1.9e-09
prot-prot-docking_1_pose_3.pdb
[+] Reading structure file: /home/user/Documents/iGem2020Uppsala/structures/Docking_structures/maestro_dock/prot-prot-docking_1_pose_3.pdb
[++] Predicted binding affinity (kcal.mol-1):    -13.0
[++] Predicted dissociation constant (M) at 25.0˚C:  2.9e-10
prot-prot-docking_1_pose_4.pdb
[+] Reading structure file: /home/user/Documents/iGem2020Uppsala/structures/Docking_structures/maestro_dock/prot-prot-docking_1_pose_4.pdb
[++] Predicted binding affinity (kcal.mol-1):    -13.5
[++] Predicted dissociation constant (M) at 25.0˚C:  1.2e-10
prot-prot-docking_1_pose_5.pdb
[+] Reading structure file: /home/user/Documents/iGem2020Uppsala/structures/Docking_structures/maestro_dock/prot-prot-docking_1_pose_5.pdb
[++] Predicted binding affinity (kcal.mol-1):    -12.4
[++] Predicted dissociation constant (M) at 25.0˚C:  7.4e-10
prot-prot-docking_1_pose_6.pdb
[+] Reading structure file: /home/user/Documents/iGem2020Uppsala/structures/Docking_structures/maestro_dock/prot-prot-docking_1_pose_6.pdb
[++] Predicted binding affinity (kcal.mol-1):    -10.9
[++] Predicted dissociation constant (M) at 25.0˚C:  9.4e-09
prot-prot-docking_1_pose_7.pdb
[+] Reading structure file: /home/user/Documents/iGem2020Uppsala/structures/Docking_structures/maestro_dock/prot-prot-docking_1_pose_7.pdb
[++] Predicted binding affinity (kcal.mol-1):    -12.6
[++] Predicted dissociation constant (M) at 25.0˚C:  5.8e-10
prot-prot-docking_1_pose_8.pdb
[+] Reading structure file: /home/user/Documents/iGem2020Uppsala/structures/Docking_structures/maestro_dock/prot-prot-docking_1_pose_8.pdb
[++] Predicted binding affinity (kcal.mol-1):     -9.0
[++] Predicted dissociation constant (M) at 25.0˚C:  2.4e-07
prot-prot-docking_1_pose_9.pdb
[+] Reading structure file: /home/user/Documents/iGem2020Uppsala/structures/Docking_structures/maestro_dock/prot-prot-docking_1_pose_9.pdb
[++] Predicted binding affinity (kcal.mol-1):    -11.1
[++] Predicted dissociation constant (M) at 25.0˚C:  7.3e-09
prot-prot-docking_2_constraints_pose_10.pdb
[+] Reading structure file: /home/user/Documents/iGem2020Uppsala/structures/Docking_structures/maestro_dock/prot-prot-docking_2_constraints_pose_10.pdb
[++] Predicted binding affinity (kcal.mol-1):    -11.7
[++] Predicted dissociation constant (M) at 25.0˚C:  2.8e-09
prot-prot-docking_2_constraints_pose_11.pdb
[+] Reading structure file: /home/user/Documents/iGem2020Uppsala/structures/Docking_structures/maestro_dock/prot-prot-docking_2_constraints_pose_11.pdb
[++] Predicted binding affinity (kcal.mol-1):    -15.8
[++] Predicted dissociation constant (M) at 25.0˚C:  2.7e-12
prot-prot-docking_2_constraints_pose_12.pdb
[+] Reading structure file: /home/user/Documents/iGem2020Uppsala/structures/Docking_structures/maestro_dock/prot-prot-docking_2_constraints_pose_12.pdb
[++] Predicted binding affinity (kcal.mol-1):    -11.9
[++] Predicted dissociation constant (M) at 25.0˚C:  1.8e-09
prot-prot-docking_2_constraints_pose_13.pdb
[+] Reading structure file: /home/user/Documents/iGem2020Uppsala/structures/Docking_structures/maestro_dock/prot-prot-docking_2_constraints_pose_13.pdb
[++] Predicted binding affinity (kcal.mol-1):    -13.6
[++] Predicted dissociation constant (M) at 25.0˚C:  9.9e-11
prot-prot-docking_2_constraints_pose_14.pdb
[+] Reading structure file: /home/user/Documents/iGem2020Uppsala/structures/Docking_structures/maestro_dock/prot-prot-docking_2_constraints_pose_14.pdb
[++] Predicted binding affinity (kcal.mol-1):    -12.1
[++] Predicted dissociation constant (M) at 25.0˚C:  1.3e-09
prot-prot-docking_2_constraints_pose_15.pdb
[+] Reading structure file: /home/user/Documents/iGem2020Uppsala/structures/Docking_structures/maestro_dock/prot-prot-docking_2_constraints_pose_15.pdb
[++] Predicted binding affinity (kcal.mol-1):    -10.4
[++] Predicted dissociation constant (M) at 25.0˚C:  2.2e-08
prot-prot-docking_2_constraints_pose_16.pdb
[+] Reading structure file: /home/user/Documents/iGem2020Uppsala/structures/Docking_structures/maestro_dock/prot-prot-docking_2_constraints_pose_16.pdb
[++] Predicted binding affinity (kcal.mol-1):    -11.6
[++] Predicted dissociation constant (M) at 25.0˚C:  3.2e-09
prot-prot-docking_2_constraints_pose_17.pdb
[+] Reading structure file: /home/user/Documents/iGem2020Uppsala/structures/Docking_structures/maestro_dock/prot-prot-docking_2_constraints_pose_17.pdb
[++] Predicted binding affinity (kcal.mol-1):    -10.4
[++] Predicted dissociation constant (M) at 25.0˚C:  2.4e-08
prot-prot-docking_2_constraints_pose_18.pdb
[+] Reading structure file: /home/user/Documents/iGem2020Uppsala/structures/Docking_structures/maestro_dock/prot-prot-docking_2_constraints_pose_18.pdb
[++] Predicted binding affinity (kcal.mol-1):    -12.3
[++] Predicted dissociation constant (M) at 25.0˚C:  9.0e-10
prot-prot-docking_2_constraints_pose_19.pdb
[+] Reading structure file: /home/user/Documents/iGem2020Uppsala/structures/Docking_structures/maestro_dock/prot-prot-docking_2_constraints_pose_19.pdb
[++] Predicted binding affinity (kcal.mol-1):    -12.2
[++] Predicted dissociation constant (M) at 25.0˚C:  1.2e-09
prot-prot-docking_2_constraints_pose_1.pdb
[+] Reading structure file: /home/user/Documents/iGem2020Uppsala/structures/Docking_structures/maestro_dock/prot-prot-docking_2_constraints_pose_1.pdb
[++] Predicted binding affinity (kcal.mol-1):    -12.5
[++] Predicted dissociation constant (M) at 25.0˚C:  6.3e-10
prot-prot-docking_2_constraints_pose_20.pdb
[+] Reading structure file: /home/user/Documents/iGem2020Uppsala/structures/Docking_structures/maestro_dock/prot-prot-docking_2_constraints_pose_20.pdb
[++] Predicted binding affinity (kcal.mol-1):    -12.8
[++] Predicted dissociation constant (M) at 25.0˚C:  3.9e-10
prot-prot-docking_2_constraints_pose_21.pdb
[+] Reading structure file: /home/user/Documents/iGem2020Uppsala/structures/Docking_structures/maestro_dock/prot-prot-docking_2_constraints_pose_21.pdb
[++] Predicted binding affinity (kcal.mol-1):    -12.8
[++] Predicted dissociation constant (M) at 25.0˚C:  4.1e-10
prot-prot-docking_2_constraints_pose_22.pdb
[+] Reading structure file: /home/user/Documents/iGem2020Uppsala/structures/Docking_structures/maestro_dock/prot-prot-docking_2_constraints_pose_22.pdb
[++] Predicted binding affinity (kcal.mol-1):    -10.5
[++] Predicted dissociation constant (M) at 25.0˚C:  2.1e-08
prot-prot-docking_2_constraints_pose_23.pdb
[+] Reading structure file: /home/user/Documents/iGem2020Uppsala/structures/Docking_structures/maestro_dock/prot-prot-docking_2_constraints_pose_23.pdb
[++] Predicted binding affinity (kcal.mol-1):    -11.4
[++] Predicted dissociation constant (M) at 25.0˚C:  4.1e-09
prot-prot-docking_2_constraints_pose_24.pdb
[+] Reading structure file: /home/user/Documents/iGem2020Uppsala/structures/Docking_structures/maestro_dock/prot-prot-docking_2_constraints_pose_24.pdb
[++] Predicted binding affinity (kcal.mol-1):    -11.7
[++] Predicted dissociation constant (M) at 25.0˚C:  2.6e-09
prot-prot-docking_2_constraints_pose_25.pdb
[+] Reading structure file: /home/user/Documents/iGem2020Uppsala/structures/Docking_structures/maestro_dock/prot-prot-docking_2_constraints_pose_25.pdb
[++] Predicted binding affinity (kcal.mol-1):    -12.6
[++] Predicted dissociation constant (M) at 25.0˚C:  5.6e-10
prot-prot-docking_2_constraints_pose_26.pdb
[+] Reading structure file: /home/user/Documents/iGem2020Uppsala/structures/Docking_structures/maestro_dock/prot-prot-docking_2_constraints_pose_26.pdb
[++] Predicted binding affinity (kcal.mol-1):     -8.2
[++] Predicted dissociation constant (M) at 25.0˚C:  9.1e-07
prot-prot-docking_2_constraints_pose_27.pdb
[+] Reading structure file: /home/user/Documents/iGem2020Uppsala/structures/Docking_structures/maestro_dock/prot-prot-docking_2_constraints_pose_27.pdb
[++] Predicted binding affinity (kcal.mol-1):    -14.8
[++] Predicted dissociation constant (M) at 25.0˚C:  1.3e-11
prot-prot-docking_2_constraints_pose_28.pdb
[+] Reading structure file: /home/user/Documents/iGem2020Uppsala/structures/Docking_structures/maestro_dock/prot-prot-docking_2_constraints_pose_28.pdb
[++] Predicted binding affinity (kcal.mol-1):    -11.9
[++] Predicted dissociation constant (M) at 25.0˚C:  1.9e-09
prot-prot-docking_2_constraints_pose_29.pdb
[+] Reading structure file: /home/user/Documents/iGem2020Uppsala/structures/Docking_structures/maestro_dock/prot-prot-docking_2_constraints_pose_29.pdb
[++] Predicted binding affinity (kcal.mol-1):     -9.7
[++] Predicted dissociation constant (M) at 25.0˚C:  7.6e-08
prot-prot-docking_2_constraints_pose_2.pdb
[+] Reading structure file: /home/user/Documents/iGem2020Uppsala/structures/Docking_structures/maestro_dock/prot-prot-docking_2_constraints_pose_2.pdb
[++] Predicted binding affinity (kcal.mol-1):    -13.0
[++] Predicted dissociation constant (M) at 25.0˚C:  2.9e-10
prot-prot-docking_2_constraints_pose_30.pdb
[+] Reading structure file: /home/user/Documents/iGem2020Uppsala/structures/Docking_structures/maestro_dock/prot-prot-docking_2_constraints_pose_30.pdb
[++] Predicted binding affinity (kcal.mol-1):     -9.2
[++] Predicted dissociation constant (M) at 25.0˚C:  1.7e-07
prot-prot-docking_2_constraints_pose_31.pdb
[+] Reading structure file: /home/user/Documents/iGem2020Uppsala/structures/Docking_structures/maestro_dock/prot-prot-docking_2_constraints_pose_31.pdb
[++] Predicted binding affinity (kcal.mol-1):    -12.8
[++] Predicted dissociation constant (M) at 25.0˚C:  4.2e-10
prot-prot-docking_2_constraints_pose_32.pdb
[+] Reading structure file: /home/user/Documents/iGem2020Uppsala/structures/Docking_structures/maestro_dock/prot-prot-docking_2_constraints_pose_32.pdb
[++] Predicted binding affinity (kcal.mol-1):    -10.0
[++] Predicted dissociation constant (M) at 25.0˚C:  4.8e-08
prot-prot-docking_2_constraints_pose_33.pdb
[+] Reading structure file: /home/user/Documents/iGem2020Uppsala/structures/Docking_structures/maestro_dock/prot-prot-docking_2_constraints_pose_33.pdb
[++] Predicted binding affinity (kcal.mol-1):    -12.1
[++] Predicted dissociation constant (M) at 25.0˚C:  1.3e-09
prot-prot-docking_2_constraints_pose_34.pdb
[+] Reading structure file: /home/user/Documents/iGem2020Uppsala/structures/Docking_structures/maestro_dock/prot-prot-docking_2_constraints_pose_34.pdb
[++] Predicted binding affinity (kcal.mol-1):    -12.2
[++] Predicted dissociation constant (M) at 25.0˚C:  1.2e-09
prot-prot-docking_2_constraints_pose_35.pdb
[+] Reading structure file: /home/user/Documents/iGem2020Uppsala/structures/Docking_structures/maestro_dock/prot-prot-docking_2_constraints_pose_35.pdb
[++] Predicted binding affinity (kcal.mol-1):    -11.4
[++] Predicted dissociation constant (M) at 25.0˚C:  4.1e-09
prot-prot-docking_2_constraints_pose_36.pdb
[+] Reading structure file: /home/user/Documents/iGem2020Uppsala/structures/Docking_structures/maestro_dock/prot-prot-docking_2_constraints_pose_36.pdb
[++] Predicted binding affinity (kcal.mol-1):    -13.3
[++] Predicted dissociation constant (M) at 25.0˚C:  1.8e-10
prot-prot-docking_2_constraints_pose_3.pdb
[+] Reading structure file: /home/user/Documents/iGem2020Uppsala/structures/Docking_structures/maestro_dock/prot-prot-docking_2_constraints_pose_3.pdb
[++] Predicted binding affinity (kcal.mol-1):    -11.0
[++] Predicted dissociation constant (M) at 25.0˚C:  9.2e-09
prot-prot-docking_2_constraints_pose_4.pdb
[+] Reading structure file: /home/user/Documents/iGem2020Uppsala/structures/Docking_structures/maestro_dock/prot-prot-docking_2_constraints_pose_4.pdb
[++] Predicted binding affinity (kcal.mol-1):    -12.2
[++] Predicted dissociation constant (M) at 25.0˚C:  1.2e-09
prot-prot-docking_2_constraints_pose_5.pdb
[+] Reading structure file: /home/user/Documents/iGem2020Uppsala/structures/Docking_structures/maestro_dock/prot-prot-docking_2_constraints_pose_5.pdb
[++] Predicted binding affinity (kcal.mol-1):    -15.5
[++] Predicted dissociation constant (M) at 25.0˚C:  4.1e-12
prot-prot-docking_2_constraints_pose_6.pdb
[+] Reading structure file: /home/user/Documents/iGem2020Uppsala/structures/Docking_structures/maestro_dock/prot-prot-docking_2_constraints_pose_6.pdb
[++] Predicted binding affinity (kcal.mol-1):    -13.5
[++] Predicted dissociation constant (M) at 25.0˚C:  1.3e-10
prot-prot-docking_2_constraints_pose_7.pdb
[+] Reading structure file: /home/user/Documents/iGem2020Uppsala/structures/Docking_structures/maestro_dock/prot-prot-docking_2_constraints_pose_7.pdb
[++] Predicted binding affinity (kcal.mol-1):    -11.7
[++] Predicted dissociation constant (M) at 25.0˚C:  2.8e-09
prot-prot-docking_2_constraints_pose_8.pdb
[+] Reading structure file: /home/user/Documents/iGem2020Uppsala/structures/Docking_structures/maestro_dock/prot-prot-docking_2_constraints_pose_8.pdb
[++] Predicted binding affinity (kcal.mol-1):    -14.5
[++] Predicted dissociation constant (M) at 25.0˚C:  2.3e-11
prot-prot-docking_2_constraints_pose_9.pdb
[+] Reading structure file: /home/user/Documents/iGem2020Uppsala/structures/Docking_structures/maestro_dock/prot-prot-docking_2_constraints_pose_9.pdb
[++] Predicted binding affinity (kcal.mol-1):    -11.4
[++] Predicted dissociation constant (M) at 25.0˚C:  4.1e-09
